============================= test session starts ==============================
platform darwin -- Python 3.9.6, pytest-8.4.2, pluggy-1.6.0 -- /Library/Developer/CommandLineTools/usr/bin/python3
cachedir: .pytest_cache
rootdir: /Users/bsubbarao/MYDATA/CompIntCalculator
collecting ... collected 11 items

tests/test_app.py::test_calculate_compound_balance_zero_rate PASSED      [  9%]
tests/test_app.py::test_calculate_compound_balance_with_growth PASSED    [ 18%]
tests/test_app.py::test_format_money_value_inr_grouping PASSED           [ 27%]
tests/test_app.py::test_format_money_value_international_grouping PASSED [ 36%]
tests/test_app.py::test_format_money_value_negative PASSED               [ 45%]
tests/test_app.py::test_build_growth_series_has_minimum_two_points PASSED [ 54%]
tests/test_app.py::test_build_growth_series_last_point_matches_input_time PASSED [ 63%]
tests/test_app.py::test_build_yearly_summary_includes_fractional_final_row PASSED [ 72%]
tests/test_app.py::test_get_plotly_template_dark PASSED                  [ 81%]
tests/test_app.py::test_get_plotly_template_light PASSED                 [ 90%]
tests/test_app.py::test_build_growth_chart_uses_formatted_hover_text PASSED [100%]

============================== 11 passed in 0.37s ==============================
[2026-04-14 17:47:11] ===== TEST RUN START 2026-04-14 17:47:10 IST =====
[2026-04-14 17:47:11] ============================= test session starts ==============================
[2026-04-14 17:47:11] platform darwin -- Python 3.9.6, pytest-8.4.2, pluggy-1.6.0 -- /Library/Developer/CommandLineTools/usr/bin/python3
[2026-04-14 17:47:11] cachedir: .pytest_cache
[2026-04-14 17:47:11] rootdir: /Users/bsubbarao/MYDATA/CompIntCalculator
[2026-04-14 17:47:11] collecting ... collected 11 items
[2026-04-14 17:47:11] 
[2026-04-14 17:47:11] tests/test_app.py::test_calculate_compound_balance_zero_rate PASSED      [  9%]
[2026-04-14 17:47:11] tests/test_app.py::test_calculate_compound_balance_with_growth PASSED    [ 18%]
[2026-04-14 17:47:11] tests/test_app.py::test_format_money_value_inr_grouping PASSED           [ 27%]
[2026-04-14 17:47:11] tests/test_app.py::test_format_money_value_international_grouping PASSED [ 36%]
[2026-04-14 17:47:11] tests/test_app.py::test_format_money_value_negative PASSED               [ 45%]
[2026-04-14 17:47:11] tests/test_app.py::test_build_growth_series_has_minimum_two_points PASSED [ 54%]
[2026-04-14 17:47:11] tests/test_app.py::test_build_growth_series_last_point_matches_input_time PASSED [ 63%]
[2026-04-14 17:47:11] tests/test_app.py::test_build_yearly_summary_includes_fractional_final_row PASSED [ 72%]
[2026-04-14 17:47:11] tests/test_app.py::test_get_plotly_template_dark PASSED                  [ 81%]
[2026-04-14 17:47:11] tests/test_app.py::test_get_plotly_template_light PASSED                 [ 90%]
[2026-04-14 17:47:11] tests/test_app.py::test_build_growth_chart_uses_formatted_hover_text PASSED [100%]
[2026-04-14 17:47:11] 
[2026-04-14 17:47:11] ============================== 11 passed in 0.25s ==============================
[2026-04-14 17:47:11] ===== TEST RUN END   2026-04-14 17:47:11 IST (exit=0) =====
[2026-04-15 14:35:55] ===== TEST RUN START 2026-04-15 14:35:54 IST =====
[2026-04-15 14:35:55] ============================= test session starts ==============================
[2026-04-15 14:35:55] platform darwin -- Python 3.9.6, pytest-8.4.2, pluggy-1.6.0 -- /Library/Developer/CommandLineTools/usr/bin/python3
[2026-04-15 14:35:56] cachedir: .pytest_cache
[2026-04-15 14:35:56] rootdir: /Users/bsubbarao/MYDATA/CompIntCalculator
[2026-04-15 14:35:56] collecting ... collected 62 items
[2026-04-15 14:35:56] 
[2026-04-15 14:35:56] tests/test_app.py::TestCalculateCompoundBalance::test_zero_rate_returns_principal_plus_contribution_times_years PASSED [  1%]
[2026-04-15 14:35:56] tests/test_app.py::TestCalculateCompoundBalance::test_zero_contribution_matches_principal_only_formula PASSED [  3%]
[2026-04-15 14:35:56] tests/test_app.py::TestCalculateCompoundBalance::test_future_value_exceeds_principal_when_rate_positive PASSED [  4%]
[2026-04-15 14:35:56] tests/test_app.py::TestCalculateCompoundBalance::test_interest_earned_identity PASSED [  6%]
[2026-04-15 14:35:56] tests/test_app.py::TestCalculateCompoundBalance::test_higher_rate_yields_higher_balance PASSED [  8%]
[2026-04-15 14:35:56] tests/test_app.py::TestCalculateCompoundBalance::test_longer_time_yields_higher_balance PASSED [  9%]
[2026-04-15 14:35:56] tests/test_app.py::TestCalculateCompoundBalance::test_base_case_dataset PASSED [ 11%]
[2026-04-15 14:35:56] tests/test_app.py::TestCalculateCompoundBalance::test_contribution_case_dataset PASSED [ 12%]
[2026-04-15 14:35:56] tests/test_app.py::TestCalculateCompoundBalance::test_short_horizon_dataset PASSED [ 14%]
[2026-04-15 14:35:56] tests/test_app.py::TestCalculateCompoundBalance::test_long_horizon_dataset PASSED [ 16%]
[2026-04-15 14:35:56] tests/test_app.py::TestCalculateCompoundBalance::test_precision_case_dataset PASSED [ 17%]
[2026-04-15 14:35:56] tests/test_app.py::TestFrequencyImpact::test_higher_frequency_yields_more_or_equal_balance[1-4] PASSED [ 19%]
[2026-04-15 14:35:56] tests/test_app.py::TestFrequencyImpact::test_higher_frequency_yields_more_or_equal_balance[4-12] PASSED [ 20%]
[2026-04-15 14:35:56] tests/test_app.py::TestFrequencyImpact::test_higher_frequency_yields_more_or_equal_balance[12-365] PASSED [ 22%]
[2026-04-15 14:35:56] tests/test_app.py::TestFrequencyImpact::test_frequency_has_no_impact_at_zero_rate PASSED [ 24%]
[2026-04-15 14:35:56] tests/test_app.py::TestFrequencyImpact::test_all_frequencies_accept_fractional_years[1] PASSED [ 25%]
[2026-04-15 14:35:56] tests/test_app.py::TestFrequencyImpact::test_all_frequencies_accept_fractional_years[4] PASSED [ 27%]
[2026-04-15 14:35:56] tests/test_app.py::TestFrequencyImpact::test_all_frequencies_accept_fractional_years[12] PASSED [ 29%]
[2026-04-15 14:35:56] tests/test_app.py::TestFrequencyImpact::test_all_frequencies_accept_fractional_years[365] PASSED [ 30%]
[2026-04-15 14:35:56] tests/test_app.py::TestFormatMoneyValue::test_inr_grouping[100.0-\u20b9100.00] PASSED [ 32%]
[2026-04-15 14:35:56] tests/test_app.py::TestFormatMoneyValue::test_inr_grouping[1000.0-\u20b91,000.00] PASSED [ 33%]
[2026-04-15 14:35:56] tests/test_app.py::TestFormatMoneyValue::test_inr_grouping[100000.0-\u20b91,00,000.00] PASSED [ 35%]
[2026-04-15 14:35:56] tests/test_app.py::TestFormatMoneyValue::test_inr_grouping[1000000.0-\u20b910,00,000.00] PASSED [ 37%]
[2026-04-15 14:35:56] tests/test_app.py::TestFormatMoneyValue::test_inr_grouping[10000000.0-\u20b91,00,00,000.00] PASSED [ 38%]
[2026-04-15 14:35:56] tests/test_app.py::TestFormatMoneyValue::test_inr_grouping[12345678.9-\u20b91,23,45,678.90] PASSED [ 40%]
[2026-04-15 14:35:56] tests/test_app.py::TestFormatMoneyValue::test_international_grouping[$-USD-12345678.9-$12,345,678.90] PASSED [ 41%]
[2026-04-15 14:35:56] tests/test_app.py::TestFormatMoneyValue::test_international_grouping[\u20ac-EUR-9999999.0-\u20ac9,999,999.00] PASSED [ 43%]
[2026-04-15 14:35:56] tests/test_app.py::TestFormatMoneyValue::test_international_grouping[\xa3-GBP-1234567.89-\xa31,234,567.89] PASSED [ 45%]
[2026-04-15 14:35:56] tests/test_app.py::TestFormatMoneyValue::test_international_grouping[\xa5-JPY-100000.0-\xa5100,000.00] PASSED [ 46%]
[2026-04-15 14:35:56] tests/test_app.py::TestFormatMoneyValue::test_always_two_decimal_places PASSED [ 48%]
[2026-04-15 14:35:56] tests/test_app.py::TestFormatMoneyValue::test_negative_value_usd PASSED  [ 50%]
[2026-04-15 14:35:56] tests/test_app.py::TestFormatMoneyValue::test_negative_value_inr PASSED  [ 51%]
[2026-04-15 14:35:56] tests/test_app.py::TestFormatMoneyValue::test_zero_value PASSED          [ 53%]
[2026-04-15 14:35:56] tests/test_app.py::TestBuildGrowthChart::test_x_axis_label_is_years PASSED [ 54%]
[2026-04-15 14:35:56] tests/test_app.py::TestBuildGrowthChart::test_y_axis_label_contains_currency_symbol PASSED [ 56%]
[2026-04-15 14:35:56] tests/test_app.py::TestBuildGrowthChart::test_hover_template_format PASSED [ 58%]
[2026-04-15 14:35:56] tests/test_app.py::TestBuildGrowthChart::test_hover_text_uses_formatted_values PASSED [ 59%]
[2026-04-15 14:35:56] tests/test_app.py::TestBuildGrowthChart::test_series_is_non_decreasing_for_positive_inputs PASSED [ 61%]
[2026-04-15 14:35:56] tests/test_app.py::TestBuildGrowthChart::test_chart_title_is_set PASSED  [ 62%]
[2026-04-15 14:35:56] tests/test_app.py::TestBuildGrowthChart::test_plotly_template_matches_streamlit_theme[dark-plotly_dark] PASSED [ 64%]
[2026-04-15 14:35:56] tests/test_app.py::TestBuildGrowthChart::test_plotly_template_matches_streamlit_theme[light-plotly_white] PASSED [ 66%]
[2026-04-15 14:35:56] tests/test_app.py::TestBuildYearlySummary::test_first_row_is_year_zero PASSED [ 67%]
[2026-04-15 14:35:56] tests/test_app.py::TestBuildYearlySummary::test_integer_time_row_count PASSED [ 69%]
[2026-04-15 14:35:56] tests/test_app.py::TestBuildYearlySummary::test_fractional_time_appends_extra_row PASSED [ 70%]
[2026-04-15 14:35:56] tests/test_app.py::TestBuildYearlySummary::test_fractional_time_row_count PASSED [ 72%]
[2026-04-15 14:35:56] tests/test_app.py::TestBuildYearlySummary::test_integer_period_labels PASSED [ 74%]
[2026-04-15 14:35:56] tests/test_app.py::TestBuildYearlySummary::test_balance_at_year_zero_equals_principal PASSED [ 75%]
[2026-04-15 14:35:56] tests/test_app.py::TestBuildYearlySummary::test_balance_increases_over_time PASSED [ 77%]
[2026-04-15 14:35:56] tests/test_app.py::TestEdgeCases::test_all_zeros_returns_zero PASSED     [ 79%]
[2026-04-15 14:35:56] tests/test_app.py::TestEdgeCases::test_zero_principal_zero_rate_positive_contribution PASSED [ 80%]
[2026-04-15 14:35:56] tests/test_app.py::TestEdgeCases::test_very_large_values_do_not_raise PASSED [ 82%]
[2026-04-15 14:35:56] tests/test_app.py::TestEdgeCases::test_minimal_positive_values PASSED    [ 83%]
[2026-04-15 14:35:56] tests/test_app.py::TestEdgeCases::test_fractional_years_all_frequencies[1] PASSED [ 85%]
[2026-04-15 14:35:56] tests/test_app.py::TestEdgeCases::test_fractional_years_all_frequencies[4] PASSED [ 87%]
[2026-04-15 14:35:56] tests/test_app.py::TestEdgeCases::test_fractional_years_all_frequencies[12] PASSED [ 88%]
[2026-04-15 14:35:56] tests/test_app.py::TestEdgeCases::test_fractional_years_all_frequencies[365] PASSED [ 90%]
[2026-04-15 14:35:56] tests/test_app.py::TestEdgeCases::test_growth_series_all_zeros_is_stable PASSED [ 91%]
[2026-04-15 14:35:56] tests/test_app.py::TestEdgeCases::test_yearly_summary_zero_time_has_only_year_zero PASSED [ 93%]
[2026-04-15 14:35:56] tests/test_app.py::TestEdgeCases::test_inr_format_large_value_no_crash PASSED [ 95%]
[2026-04-15 14:35:56] tests/test_app.py::TestPlotlyTemplate::test_dark_theme_returns_plotly_dark PASSED [ 96%]
[2026-04-15 14:35:56] tests/test_app.py::TestPlotlyTemplate::test_light_theme_returns_plotly_white PASSED [ 98%]
[2026-04-15 14:35:56] tests/test_app.py::TestPlotlyTemplate::test_unknown_theme_defaults_to_plotly_white PASSED [100%]
[2026-04-15 14:35:56] 
[2026-04-15 14:35:56] ============================== 62 passed in 0.50s ==============================
[2026-04-15 14:35:56] ===== TEST RUN END   2026-04-15 14:35:55 IST (exit=0) =====
[2026-04-15 14:45:47] ===== TEST RUN START 2026-04-15 14:45:44 IST =====
[2026-04-15 14:45:47] ============================= test session starts ==============================
[2026-04-15 14:45:47] platform darwin -- Python 3.9.6, pytest-8.4.2, pluggy-1.6.0 -- /Library/Developer/CommandLineTools/usr/bin/python3
[2026-04-15 14:45:47] cachedir: .pytest_cache
[2026-04-15 14:45:47] rootdir: /Users/bsubbarao/MYDATA/CompIntCalculator
[2026-04-15 14:45:47] collecting ... collected 62 items
[2026-04-15 14:45:47] 
[2026-04-15 14:45:47] tests/test_app.py::TestCalculateCompoundBalance::test_zero_rate_returns_principal_plus_contribution_times_years PASSED [  1%]
[2026-04-15 14:45:47] tests/test_app.py::TestCalculateCompoundBalance::test_zero_contribution_matches_principal_only_formula PASSED [  3%]
[2026-04-15 14:45:47] tests/test_app.py::TestCalculateCompoundBalance::test_future_value_exceeds_principal_when_rate_positive PASSED [  4%]
[2026-04-15 14:45:47] tests/test_app.py::TestCalculateCompoundBalance::test_interest_earned_identity PASSED [  6%]
[2026-04-15 14:45:47] tests/test_app.py::TestCalculateCompoundBalance::test_higher_rate_yields_higher_balance PASSED [  8%]
[2026-04-15 14:45:47] tests/test_app.py::TestCalculateCompoundBalance::test_longer_time_yields_higher_balance PASSED [  9%]
[2026-04-15 14:45:47] tests/test_app.py::TestCalculateCompoundBalance::test_base_case_dataset PASSED [ 11%]
[2026-04-15 14:45:47] tests/test_app.py::TestCalculateCompoundBalance::test_contribution_case_dataset PASSED [ 12%]
[2026-04-15 14:45:47] tests/test_app.py::TestCalculateCompoundBalance::test_short_horizon_dataset PASSED [ 14%]
[2026-04-15 14:45:47] tests/test_app.py::TestCalculateCompoundBalance::test_long_horizon_dataset PASSED [ 16%]
[2026-04-15 14:45:47] tests/test_app.py::TestCalculateCompoundBalance::test_precision_case_dataset PASSED [ 17%]
[2026-04-15 14:45:47] tests/test_app.py::TestFrequencyImpact::test_higher_frequency_yields_more_or_equal_balance[1-4] PASSED [ 19%]
[2026-04-15 14:45:47] tests/test_app.py::TestFrequencyImpact::test_higher_frequency_yields_more_or_equal_balance[4-12] PASSED [ 20%]
[2026-04-15 14:45:47] tests/test_app.py::TestFrequencyImpact::test_higher_frequency_yields_more_or_equal_balance[12-365] PASSED [ 22%]
[2026-04-15 14:45:47] tests/test_app.py::TestFrequencyImpact::test_frequency_has_no_impact_at_zero_rate PASSED [ 24%]
[2026-04-15 14:45:47] tests/test_app.py::TestFrequencyImpact::test_all_frequencies_accept_fractional_years[1] PASSED [ 25%]
[2026-04-15 14:45:47] tests/test_app.py::TestFrequencyImpact::test_all_frequencies_accept_fractional_years[4] PASSED [ 27%]
[2026-04-15 14:45:47] tests/test_app.py::TestFrequencyImpact::test_all_frequencies_accept_fractional_years[12] PASSED [ 29%]
[2026-04-15 14:45:47] tests/test_app.py::TestFrequencyImpact::test_all_frequencies_accept_fractional_years[365] PASSED [ 30%]
[2026-04-15 14:45:47] tests/test_app.py::TestFormatMoneyValue::test_inr_grouping[100.0-\u20b9100.00] PASSED [ 32%]
[2026-04-15 14:45:47] tests/test_app.py::TestFormatMoneyValue::test_inr_grouping[1000.0-\u20b91,000.00] PASSED [ 33%]
[2026-04-15 14:45:47] tests/test_app.py::TestFormatMoneyValue::test_inr_grouping[100000.0-\u20b91,00,000.00] PASSED [ 35%]
[2026-04-15 14:45:47] tests/test_app.py::TestFormatMoneyValue::test_inr_grouping[1000000.0-\u20b910,00,000.00] PASSED [ 37%]
[2026-04-15 14:45:47] tests/test_app.py::TestFormatMoneyValue::test_inr_grouping[10000000.0-\u20b91,00,00,000.00] PASSED [ 38%]
[2026-04-15 14:45:47] tests/test_app.py::TestFormatMoneyValue::test_inr_grouping[12345678.9-\u20b91,23,45,678.90] PASSED [ 40%]
[2026-04-15 14:45:47] tests/test_app.py::TestFormatMoneyValue::test_international_grouping[$-USD-12345678.9-$12,345,678.90] PASSED [ 41%]
[2026-04-15 14:45:47] tests/test_app.py::TestFormatMoneyValue::test_international_grouping[\u20ac-EUR-9999999.0-\u20ac9,999,999.00] PASSED [ 43%]
[2026-04-15 14:45:47] tests/test_app.py::TestFormatMoneyValue::test_international_grouping[\xa3-GBP-1234567.89-\xa31,234,567.89] PASSED [ 45%]
[2026-04-15 14:45:47] tests/test_app.py::TestFormatMoneyValue::test_international_grouping[\xa5-JPY-100000.0-\xa5100,000.00] PASSED [ 46%]
[2026-04-15 14:45:47] tests/test_app.py::TestFormatMoneyValue::test_always_two_decimal_places PASSED [ 48%]
[2026-04-15 14:45:47] tests/test_app.py::TestFormatMoneyValue::test_negative_value_usd PASSED  [ 50%]
[2026-04-15 14:45:47] tests/test_app.py::TestFormatMoneyValue::test_negative_value_inr PASSED  [ 51%]
[2026-04-15 14:45:47] tests/test_app.py::TestFormatMoneyValue::test_zero_value PASSED          [ 53%]
[2026-04-15 14:45:47] tests/test_app.py::TestBuildGrowthChart::test_x_axis_label_is_years PASSED [ 54%]
[2026-04-15 14:45:47] tests/test_app.py::TestBuildGrowthChart::test_y_axis_label_contains_currency_symbol PASSED [ 56%]
[2026-04-15 14:45:47] tests/test_app.py::TestBuildGrowthChart::test_hover_template_format PASSED [ 58%]
[2026-04-15 14:45:47] tests/test_app.py::TestBuildGrowthChart::test_hover_text_uses_formatted_values PASSED [ 59%]
[2026-04-15 14:45:47] tests/test_app.py::TestBuildGrowthChart::test_series_is_non_decreasing_for_positive_inputs PASSED [ 61%]
[2026-04-15 14:45:47] tests/test_app.py::TestBuildGrowthChart::test_chart_title_is_set PASSED  [ 62%]
[2026-04-15 14:45:47] tests/test_app.py::TestBuildGrowthChart::test_plotly_template_matches_streamlit_theme[dark-plotly_dark] PASSED [ 64%]
[2026-04-15 14:45:47] tests/test_app.py::TestBuildGrowthChart::test_plotly_template_matches_streamlit_theme[light-plotly_white] PASSED [ 66%]
[2026-04-15 14:45:47] tests/test_app.py::TestBuildYearlySummary::test_first_row_is_year_zero PASSED [ 67%]
[2026-04-15 14:45:47] tests/test_app.py::TestBuildYearlySummary::test_integer_time_row_count PASSED [ 69%]
[2026-04-15 14:45:47] tests/test_app.py::TestBuildYearlySummary::test_fractional_time_appends_extra_row PASSED [ 70%]
[2026-04-15 14:45:47] tests/test_app.py::TestBuildYearlySummary::test_fractional_time_row_count PASSED [ 72%]
[2026-04-15 14:45:47] tests/test_app.py::TestBuildYearlySummary::test_integer_period_labels PASSED [ 74%]
[2026-04-15 14:45:47] tests/test_app.py::TestBuildYearlySummary::test_balance_at_year_zero_equals_principal PASSED [ 75%]
[2026-04-15 14:45:47] tests/test_app.py::TestBuildYearlySummary::test_balance_increases_over_time PASSED [ 77%]
[2026-04-15 14:45:47] tests/test_app.py::TestEdgeCases::test_all_zeros_returns_zero PASSED     [ 79%]
[2026-04-15 14:45:47] tests/test_app.py::TestEdgeCases::test_zero_principal_zero_rate_positive_contribution PASSED [ 80%]
[2026-04-15 14:45:47] tests/test_app.py::TestEdgeCases::test_very_large_values_do_not_raise PASSED [ 82%]
[2026-04-15 14:45:47] tests/test_app.py::TestEdgeCases::test_minimal_positive_values PASSED    [ 83%]
[2026-04-15 14:45:47] tests/test_app.py::TestEdgeCases::test_fractional_years_all_frequencies[1] PASSED [ 85%]
[2026-04-15 14:45:47] tests/test_app.py::TestEdgeCases::test_fractional_years_all_frequencies[4] PASSED [ 87%]
[2026-04-15 14:45:47] tests/test_app.py::TestEdgeCases::test_fractional_years_all_frequencies[12] PASSED [ 88%]
[2026-04-15 14:45:47] tests/test_app.py::TestEdgeCases::test_fractional_years_all_frequencies[365] PASSED [ 90%]
[2026-04-15 14:45:47] tests/test_app.py::TestEdgeCases::test_growth_series_all_zeros_is_stable PASSED [ 91%]
[2026-04-15 14:45:47] tests/test_app.py::TestEdgeCases::test_yearly_summary_zero_time_has_only_year_zero PASSED [ 93%]
[2026-04-15 14:45:47] tests/test_app.py::TestEdgeCases::test_inr_format_large_value_no_crash PASSED [ 95%]
[2026-04-15 14:45:47] tests/test_app.py::TestPlotlyTemplate::test_dark_theme_returns_plotly_dark PASSED [ 96%]
[2026-04-15 14:45:47] tests/test_app.py::TestPlotlyTemplate::test_light_theme_returns_plotly_white PASSED [ 98%]
[2026-04-15 14:45:47] tests/test_app.py::TestPlotlyTemplate::test_unknown_theme_defaults_to_plotly_white PASSED [100%]
[2026-04-15 14:45:47] 
[2026-04-15 14:45:47] ============================== 62 passed in 2.06s ==============================
[2026-04-15 14:45:47] ===== TEST RUN END   2026-04-15 14:45:47 IST (exit=0) =====
[2026-04-21 14:31:21] ===== TEST RUN START 2026-04-21 14:31:13 IST =====
[2026-04-21 14:31:21] ============================= test session starts ==============================
[2026-04-21 14:31:21] platform darwin -- Python 3.9.6, pytest-8.4.2, pluggy-1.6.0 -- /Library/Developer/CommandLineTools/usr/bin/python3
[2026-04-21 14:31:21] cachedir: .pytest_cache
[2026-04-21 14:31:21] rootdir: /Users/bsubbarao/MYDATA/CompIntCalculator
[2026-04-21 14:31:21] plugins: anyio-4.12.1
[2026-04-21 14:31:21] collecting ... collected 62 items
[2026-04-21 14:31:21] 
[2026-04-21 14:31:21] tests/test_app.py::TestCalculateCompoundBalance::test_zero_rate_returns_principal_plus_contribution_times_years PASSED [  1%]
[2026-04-21 14:31:21] tests/test_app.py::TestCalculateCompoundBalance::test_zero_contribution_matches_principal_only_formula PASSED [  3%]
[2026-04-21 14:31:21] tests/test_app.py::TestCalculateCompoundBalance::test_future_value_exceeds_principal_when_rate_positive PASSED [  4%]
[2026-04-21 14:31:21] tests/test_app.py::TestCalculateCompoundBalance::test_interest_earned_identity PASSED [  6%]
[2026-04-21 14:31:21] tests/test_app.py::TestCalculateCompoundBalance::test_higher_rate_yields_higher_balance PASSED [  8%]
[2026-04-21 14:31:21] tests/test_app.py::TestCalculateCompoundBalance::test_longer_time_yields_higher_balance PASSED [  9%]
[2026-04-21 14:31:21] tests/test_app.py::TestCalculateCompoundBalance::test_base_case_dataset PASSED [ 11%]
[2026-04-21 14:31:21] tests/test_app.py::TestCalculateCompoundBalance::test_contribution_case_dataset PASSED [ 12%]
[2026-04-21 14:31:21] tests/test_app.py::TestCalculateCompoundBalance::test_short_horizon_dataset PASSED [ 14%]
[2026-04-21 14:31:21] tests/test_app.py::TestCalculateCompoundBalance::test_long_horizon_dataset PASSED [ 16%]
[2026-04-21 14:31:21] tests/test_app.py::TestCalculateCompoundBalance::test_precision_case_dataset PASSED [ 17%]
[2026-04-21 14:31:21] tests/test_app.py::TestFrequencyImpact::test_higher_frequency_yields_more_or_equal_balance[1-4] PASSED [ 19%]
[2026-04-21 14:31:21] tests/test_app.py::TestFrequencyImpact::test_higher_frequency_yields_more_or_equal_balance[4-12] PASSED [ 20%]
[2026-04-21 14:31:21] tests/test_app.py::TestFrequencyImpact::test_higher_frequency_yields_more_or_equal_balance[12-365] PASSED [ 22%]
[2026-04-21 14:31:21] tests/test_app.py::TestFrequencyImpact::test_frequency_has_no_impact_at_zero_rate PASSED [ 24%]
[2026-04-21 14:31:21] tests/test_app.py::TestFrequencyImpact::test_all_frequencies_accept_fractional_years[1] PASSED [ 25%]
[2026-04-21 14:31:21] tests/test_app.py::TestFrequencyImpact::test_all_frequencies_accept_fractional_years[4] PASSED [ 27%]
[2026-04-21 14:31:21] tests/test_app.py::TestFrequencyImpact::test_all_frequencies_accept_fractional_years[12] PASSED [ 29%]
[2026-04-21 14:31:21] tests/test_app.py::TestFrequencyImpact::test_all_frequencies_accept_fractional_years[365] PASSED [ 30%]
[2026-04-21 14:31:21] tests/test_app.py::TestFormatMoneyValue::test_inr_grouping[100.0-\u20b9100.00] PASSED [ 32%]
[2026-04-21 14:31:21] tests/test_app.py::TestFormatMoneyValue::test_inr_grouping[1000.0-\u20b91,000.00] PASSED [ 33%]
[2026-04-21 14:31:21] tests/test_app.py::TestFormatMoneyValue::test_inr_grouping[100000.0-\u20b91,00,000.00] PASSED [ 35%]
[2026-04-21 14:31:21] tests/test_app.py::TestFormatMoneyValue::test_inr_grouping[1000000.0-\u20b910,00,000.00] PASSED [ 37%]
[2026-04-21 14:31:21] tests/test_app.py::TestFormatMoneyValue::test_inr_grouping[10000000.0-\u20b91,00,00,000.00] PASSED [ 38%]
[2026-04-21 14:31:21] tests/test_app.py::TestFormatMoneyValue::test_inr_grouping[12345678.9-\u20b91,23,45,678.90] PASSED [ 40%]
[2026-04-21 14:31:21] tests/test_app.py::TestFormatMoneyValue::test_international_grouping[$-USD-12345678.9-$12,345,678.90] PASSED [ 41%]
[2026-04-21 14:31:21] tests/test_app.py::TestFormatMoneyValue::test_international_grouping[\u20ac-EUR-9999999.0-\u20ac9,999,999.00] PASSED [ 43%]
[2026-04-21 14:31:21] tests/test_app.py::TestFormatMoneyValue::test_international_grouping[\xa3-GBP-1234567.89-\xa31,234,567.89] PASSED [ 45%]
[2026-04-21 14:31:21] tests/test_app.py::TestFormatMoneyValue::test_international_grouping[\xa5-JPY-100000.0-\xa5100,000.00] PASSED [ 46%]
[2026-04-21 14:31:21] tests/test_app.py::TestFormatMoneyValue::test_always_two_decimal_places PASSED [ 48%]
[2026-04-21 14:31:21] tests/test_app.py::TestFormatMoneyValue::test_negative_value_usd PASSED  [ 50%]
[2026-04-21 14:31:21] tests/test_app.py::TestFormatMoneyValue::test_negative_value_inr PASSED  [ 51%]
[2026-04-21 14:31:21] tests/test_app.py::TestFormatMoneyValue::test_zero_value PASSED          [ 53%]
[2026-04-21 14:31:21] tests/test_app.py::TestBuildGrowthChart::test_x_axis_label_is_years PASSED [ 54%]
[2026-04-21 14:31:21] tests/test_app.py::TestBuildGrowthChart::test_y_axis_label_contains_currency_symbol PASSED [ 56%]
[2026-04-21 14:31:21] tests/test_app.py::TestBuildGrowthChart::test_hover_template_format PASSED [ 58%]
[2026-04-21 14:31:21] tests/test_app.py::TestBuildGrowthChart::test_hover_text_uses_formatted_values PASSED [ 59%]
[2026-04-21 14:31:21] tests/test_app.py::TestBuildGrowthChart::test_series_is_non_decreasing_for_positive_inputs PASSED [ 61%]
[2026-04-21 14:31:21] tests/test_app.py::TestBuildGrowthChart::test_chart_title_is_set PASSED  [ 62%]
[2026-04-21 14:31:21] tests/test_app.py::TestBuildGrowthChart::test_plotly_template_matches_streamlit_theme[dark-plotly_dark] PASSED [ 64%]
[2026-04-21 14:31:21] tests/test_app.py::TestBuildGrowthChart::test_plotly_template_matches_streamlit_theme[light-plotly_white] PASSED [ 66%]
[2026-04-21 14:31:21] tests/test_app.py::TestBuildYearlySummary::test_first_row_is_year_zero PASSED [ 67%]
[2026-04-21 14:31:21] tests/test_app.py::TestBuildYearlySummary::test_integer_time_row_count PASSED [ 69%]
[2026-04-21 14:31:21] tests/test_app.py::TestBuildYearlySummary::test_fractional_time_appends_extra_row PASSED [ 70%]
[2026-04-21 14:31:21] tests/test_app.py::TestBuildYearlySummary::test_fractional_time_row_count PASSED [ 72%]
[2026-04-21 14:31:21] tests/test_app.py::TestBuildYearlySummary::test_integer_period_labels PASSED [ 74%]
[2026-04-21 14:31:21] tests/test_app.py::TestBuildYearlySummary::test_balance_at_year_zero_equals_principal PASSED [ 75%]
[2026-04-21 14:31:21] tests/test_app.py::TestBuildYearlySummary::test_balance_increases_over_time PASSED [ 77%]
[2026-04-21 14:31:21] tests/test_app.py::TestEdgeCases::test_all_zeros_returns_zero PASSED     [ 79%]
[2026-04-21 14:31:21] tests/test_app.py::TestEdgeCases::test_zero_principal_zero_rate_positive_contribution PASSED [ 80%]
[2026-04-21 14:31:21] tests/test_app.py::TestEdgeCases::test_very_large_values_do_not_raise PASSED [ 82%]
[2026-04-21 14:31:21] tests/test_app.py::TestEdgeCases::test_minimal_positive_values PASSED    [ 83%]
[2026-04-21 14:31:21] tests/test_app.py::TestEdgeCases::test_fractional_years_all_frequencies[1] PASSED [ 85%]
[2026-04-21 14:31:21] tests/test_app.py::TestEdgeCases::test_fractional_years_all_frequencies[4] PASSED [ 87%]
[2026-04-21 14:31:21] tests/test_app.py::TestEdgeCases::test_fractional_years_all_frequencies[12] PASSED [ 88%]
[2026-04-21 14:31:21] tests/test_app.py::TestEdgeCases::test_fractional_years_all_frequencies[365] PASSED [ 90%]
[2026-04-21 14:31:21] tests/test_app.py::TestEdgeCases::test_growth_series_all_zeros_is_stable PASSED [ 91%]
[2026-04-21 14:31:21] tests/test_app.py::TestEdgeCases::test_yearly_summary_zero_time_has_only_year_zero PASSED [ 93%]
[2026-04-21 14:31:21] tests/test_app.py::TestEdgeCases::test_inr_format_large_value_no_crash PASSED [ 95%]
[2026-04-21 14:31:21] tests/test_app.py::TestPlotlyTemplate::test_dark_theme_returns_plotly_dark PASSED [ 96%]
[2026-04-21 14:31:21] tests/test_app.py::TestPlotlyTemplate::test_light_theme_returns_plotly_white PASSED [ 98%]
[2026-04-21 14:31:21] tests/test_app.py::TestPlotlyTemplate::test_unknown_theme_defaults_to_plotly_white PASSED [100%]
[2026-04-21 14:31:21] 
[2026-04-21 14:31:21] ============================== 62 passed in 5.85s ==============================
[2026-04-21 14:31:21] ===== TEST RUN END   2026-04-21 14:31:21 IST (exit=0) =====
[2026-05-01 18:35:05] ===== TEST RUN START 2026-05-01 18:35:04 IST =====
[2026-05-01 18:35:05] ============================= test session starts ==============================
[2026-05-01 18:35:05] platform darwin -- Python 3.9.6, pytest-8.4.2, pluggy-1.6.0 -- /Library/Developer/CommandLineTools/usr/bin/python3
[2026-05-01 18:35:05] cachedir: .pytest_cache
[2026-05-01 18:35:05] rootdir: /Users/bsubbarao/MYDATA/CompIntCalculator
[2026-05-01 18:35:05] plugins: anyio-4.12.1
[2026-05-01 18:35:05] collecting ... collected 105 items / 2 errors
[2026-05-01 18:35:05] 
[2026-05-01 18:35:05] ==================================== ERRORS ====================================
[2026-05-01 18:35:05] _______________ ERROR collecting tests/test_workflow_personas.py _______________
[2026-05-01 18:35:05] ImportError while importing test module '/Users/bsubbarao/MYDATA/CompIntCalculator/tests/test_workflow_personas.py'.
[2026-05-01 18:35:05] Hint: make sure your test modules/packages have valid Python names.
[2026-05-01 18:35:06] Traceback:
[2026-05-01 18:35:06] ../../Library/Python/3.9/lib/python/site-packages/_pytest/python.py:498: in importtestmodule
[2026-05-01 18:35:06]     mod = import_path(
[2026-05-01 18:35:06] ../../Library/Python/3.9/lib/python/site-packages/_pytest/pathlib.py:587: in import_path
[2026-05-01 18:35:06]     importlib.import_module(module_name)
[2026-05-01 18:35:06] /Library/Developer/CommandLineTools/Library/Frameworks/Python3.framework/Versions/3.9/lib/python3.9/importlib/__init__.py:127: in import_module
[2026-05-01 18:35:06]     return _bootstrap._gcd_import(name[level:], package, level)
[2026-05-01 18:35:06] <frozen importlib._bootstrap>:1030: in _gcd_import
[2026-05-01 18:35:06]     ???
[2026-05-01 18:35:06] <frozen importlib._bootstrap>:1007: in _find_and_load
[2026-05-01 18:35:06]     ???
[2026-05-01 18:35:06] <frozen importlib._bootstrap>:986: in _find_and_load_unlocked
[2026-05-01 18:35:06]     ???
[2026-05-01 18:35:06] <frozen importlib._bootstrap>:680: in _load_unlocked
[2026-05-01 18:35:06]     ???
[2026-05-01 18:35:06] ../../Library/Python/3.9/lib/python/site-packages/_pytest/assertion/rewrite.py:186: in exec_module
[2026-05-01 18:35:06]     exec(co, module.__dict__)
[2026-05-01 18:35:06] tests/test_workflow_personas.py:7: in <module>
[2026-05-01 18:35:06]     from ai_workflow import personas
[2026-05-01 18:35:06] E   ModuleNotFoundError: No module named 'ai_workflow'
[2026-05-01 18:35:06] ___________ ERROR collecting tests/test_workflow_start_validation.py ___________
[2026-05-01 18:35:06] ImportError while importing test module '/Users/bsubbarao/MYDATA/CompIntCalculator/tests/test_workflow_start_validation.py'.
[2026-05-01 18:35:06] Hint: make sure your test modules/packages have valid Python names.
[2026-05-01 18:35:06] Traceback:
[2026-05-01 18:35:06] ../../Library/Python/3.9/lib/python/site-packages/_pytest/python.py:498: in importtestmodule
[2026-05-01 18:35:06]     mod = import_path(
[2026-05-01 18:35:06] ../../Library/Python/3.9/lib/python/site-packages/_pytest/pathlib.py:587: in import_path
[2026-05-01 18:35:06]     importlib.import_module(module_name)
[2026-05-01 18:35:06] /Library/Developer/CommandLineTools/Library/Frameworks/Python3.framework/Versions/3.9/lib/python3.9/importlib/__init__.py:127: in import_module
[2026-05-01 18:35:06]     return _bootstrap._gcd_import(name[level:], package, level)
[2026-05-01 18:35:06] <frozen importlib._bootstrap>:1030: in _gcd_import
[2026-05-01 18:35:06]     ???
[2026-05-01 18:35:06] <frozen importlib._bootstrap>:1007: in _find_and_load
[2026-05-01 18:35:06]     ???
[2026-05-01 18:35:06] <frozen importlib._bootstrap>:986: in _find_and_load_unlocked
[2026-05-01 18:35:06]     ???
[2026-05-01 18:35:06] <frozen importlib._bootstrap>:680: in _load_unlocked
[2026-05-01 18:35:06]     ???
[2026-05-01 18:35:06] ../../Library/Python/3.9/lib/python/site-packages/_pytest/assertion/rewrite.py:186: in exec_module
[2026-05-01 18:35:06]     exec(co, module.__dict__)
[2026-05-01 18:35:06] tests/test_workflow_start_validation.py:13: in <module>
[2026-05-01 18:35:06]     from ai_workflow.github_api import IssueNotFoundError
[2026-05-01 18:35:06] E   ModuleNotFoundError: No module named 'ai_workflow'
[2026-05-01 18:35:06] =========================== short test summary info ============================
[2026-05-01 18:35:06] ERROR tests/test_workflow_personas.py
[2026-05-01 18:35:06] ERROR tests/test_workflow_start_validation.py
[2026-05-01 18:35:06] !!!!!!!!!!!!!!!!!!! Interrupted: 2 errors during collection !!!!!!!!!!!!!!!!!!!!
[2026-05-01 18:35:06] ============================== 2 errors in 0.88s ===============================
[2026-05-01 18:35:06] ===== TEST RUN END   2026-05-01 18:35:05 IST (exit=2) =====
[2026-05-02 12:05:47] ===== TEST RUN START 2026-05-02 12:05:46 IST =====
[2026-05-02 12:05:48] ============================= test session starts ==============================
[2026-05-02 12:05:48] platform darwin -- Python 3.9.6, pytest-8.4.2, pluggy-1.6.0 -- /Library/Developer/CommandLineTools/usr/bin/python3
[2026-05-02 12:05:48] cachedir: .pytest_cache
[2026-05-02 12:05:48] rootdir: /Users/bsubbarao/MYDATA/CompIntCalculator
[2026-05-02 12:05:48] plugins: anyio-4.12.1
[2026-05-02 12:05:48] collecting ... collected 140 items / 2 errors
[2026-05-02 12:05:48] 
[2026-05-02 12:05:48] ==================================== ERRORS ====================================
[2026-05-02 12:05:48] _______________ ERROR collecting tests/test_workflow_personas.py _______________
[2026-05-02 12:05:48] ImportError while importing test module '/Users/bsubbarao/MYDATA/CompIntCalculator/tests/test_workflow_personas.py'.
[2026-05-02 12:05:48] Hint: make sure your test modules/packages have valid Python names.
[2026-05-02 12:05:48] Traceback:
[2026-05-02 12:05:48] ../../Library/Python/3.9/lib/python/site-packages/_pytest/python.py:498: in importtestmodule
[2026-05-02 12:05:48]     mod = import_path(
[2026-05-02 12:05:48] ../../Library/Python/3.9/lib/python/site-packages/_pytest/pathlib.py:587: in import_path
[2026-05-02 12:05:48]     importlib.import_module(module_name)
[2026-05-02 12:05:48] /Library/Developer/CommandLineTools/Library/Frameworks/Python3.framework/Versions/3.9/lib/python3.9/importlib/__init__.py:127: in import_module
[2026-05-02 12:05:48]     return _bootstrap._gcd_import(name[level:], package, level)
[2026-05-02 12:05:48] <frozen importlib._bootstrap>:1030: in _gcd_import
[2026-05-02 12:05:48]     ???
[2026-05-02 12:05:48] <frozen importlib._bootstrap>:1007: in _find_and_load
[2026-05-02 12:05:48]     ???
[2026-05-02 12:05:48] <frozen importlib._bootstrap>:986: in _find_and_load_unlocked
[2026-05-02 12:05:48]     ???
[2026-05-02 12:05:48] <frozen importlib._bootstrap>:680: in _load_unlocked
[2026-05-02 12:05:48]     ???
[2026-05-02 12:05:48] ../../Library/Python/3.9/lib/python/site-packages/_pytest/assertion/rewrite.py:186: in exec_module
[2026-05-02 12:05:48]     exec(co, module.__dict__)
[2026-05-02 12:05:48] tests/test_workflow_personas.py:7: in <module>
[2026-05-02 12:05:48]     from ai_workflow import personas
[2026-05-02 12:05:48] E   ModuleNotFoundError: No module named 'ai_workflow'
[2026-05-02 12:05:48] ___________ ERROR collecting tests/test_workflow_start_validation.py ___________
[2026-05-02 12:05:48] ImportError while importing test module '/Users/bsubbarao/MYDATA/CompIntCalculator/tests/test_workflow_start_validation.py'.
[2026-05-02 12:05:48] Hint: make sure your test modules/packages have valid Python names.
[2026-05-02 12:05:48] Traceback:
[2026-05-02 12:05:48] ../../Library/Python/3.9/lib/python/site-packages/_pytest/python.py:498: in importtestmodule
[2026-05-02 12:05:48]     mod = import_path(
[2026-05-02 12:05:48] ../../Library/Python/3.9/lib/python/site-packages/_pytest/pathlib.py:587: in import_path
[2026-05-02 12:05:48]     importlib.import_module(module_name)
[2026-05-02 12:05:48] /Library/Developer/CommandLineTools/Library/Frameworks/Python3.framework/Versions/3.9/lib/python3.9/importlib/__init__.py:127: in import_module
[2026-05-02 12:05:48]     return _bootstrap._gcd_import(name[level:], package, level)
[2026-05-02 12:05:48] <frozen importlib._bootstrap>:1030: in _gcd_import
[2026-05-02 12:05:48]     ???
[2026-05-02 12:05:48] <frozen importlib._bootstrap>:1007: in _find_and_load
[2026-05-02 12:05:48]     ???
[2026-05-02 12:05:48] <frozen importlib._bootstrap>:986: in _find_and_load_unlocked
[2026-05-02 12:05:48]     ???
[2026-05-02 12:05:48] <frozen importlib._bootstrap>:680: in _load_unlocked
[2026-05-02 12:05:48]     ???
[2026-05-02 12:05:48] ../../Library/Python/3.9/lib/python/site-packages/_pytest/assertion/rewrite.py:186: in exec_module
[2026-05-02 12:05:48]     exec(co, module.__dict__)
[2026-05-02 12:05:48] tests/test_workflow_start_validation.py:13: in <module>
[2026-05-02 12:05:48]     from ai_workflow.github_api import IssueNotFoundError
[2026-05-02 12:05:48] E   ModuleNotFoundError: No module named 'ai_workflow'
[2026-05-02 12:05:48] =========================== short test summary info ============================
[2026-05-02 12:05:48] ERROR tests/test_workflow_personas.py
[2026-05-02 12:05:48] ERROR tests/test_workflow_start_validation.py
[2026-05-02 12:05:48] !!!!!!!!!!!!!!!!!!! Interrupted: 2 errors during collection !!!!!!!!!!!!!!!!!!!!
[2026-05-02 12:05:48] ============================== 2 errors in 0.95s ===============================
[2026-05-02 12:05:48] ===== TEST RUN END   2026-05-02 12:05:47 IST (exit=2) =====
[2026-05-02 12:06:34] ===== TEST RUN START 2026-05-02 12:06:31 IST =====
[2026-05-02 12:06:34] ============================= test session starts ==============================
[2026-05-02 12:06:34] platform darwin -- Python 3.9.6, pytest-8.4.2, pluggy-1.6.0
[2026-05-02 12:06:34] rootdir: /Users/bsubbarao/MYDATA/CompIntCalculator
[2026-05-02 12:06:34] plugins: anyio-4.12.1
[2026-05-02 12:06:34] collected 151 items
[2026-05-02 12:06:34] 
[2026-05-02 12:06:34] tests/test_app.py ...................................................... [ 35%]
[2026-05-02 12:06:34] ...................................................FFFFFFFFFFFFFFFFFFFFF [ 83%]
[2026-05-02 12:06:34] FFFF..F..................                                                [100%]
[2026-05-02 12:06:34] 
[2026-05-02 12:06:34] =================================== FAILURES ===================================
[2026-05-02 12:06:34] _______ TestAxisBankColorConstants.test_axis_red_is_primary_brand_color ________
[2026-05-02 12:06:34] 
[2026-05-02 12:06:34] self = <test_app.TestAxisBankColorConstants object at 0x10f3cf910>
[2026-05-02 12:06:34] 
[2026-05-02 12:06:34]     def test_axis_red_is_primary_brand_color(self) -> None:
[2026-05-02 12:06:34]         """AXIS_RED must be the Axis Bank primary deep-red/maroon #97144D."""
[2026-05-02 12:06:34] >       assert app.AXIS_RED == "#97144D"
[2026-05-02 12:06:34] E       AttributeError: module 'app' has no attribute 'AXIS_RED'
[2026-05-02 12:06:34] 
[2026-05-02 12:06:34] tests/test_app.py:713: AttributeError
[2026-05-02 12:06:34] ____________ TestAxisBankColorConstants.test_axis_red_dark_variant _____________
[2026-05-02 12:06:34] 
[2026-05-02 12:06:34] self = <test_app.TestAxisBankColorConstants object at 0x10f3cfa90>
[2026-05-02 12:06:34] 
[2026-05-02 12:06:34]     def test_axis_red_dark_variant(self) -> None:
[2026-05-02 12:06:34]         """AXIS_RED_DARK is the darker hover/footer variant #6B0F38."""
[2026-05-02 12:06:34] >       assert app.AXIS_RED_DARK == "#6B0F38"
[2026-05-02 12:06:34] E       AttributeError: module 'app' has no attribute 'AXIS_RED_DARK'
[2026-05-02 12:06:34] 
[2026-05-02 12:06:34] tests/test_app.py:717: AttributeError
[2026-05-02 12:06:34] ____________ TestAxisBankColorConstants.test_axis_red_light_variant ____________
[2026-05-02 12:06:34] 
[2026-05-02 12:06:34] self = <test_app.TestAxisBankColorConstants object at 0x10f3cfc40>
[2026-05-02 12:06:34] 
[2026-05-02 12:06:34]     def test_axis_red_light_variant(self) -> None:
[2026-05-02 12:06:34]         """AXIS_RED_LIGHT is the lighter highlight tint #C41E5B."""
[2026-05-02 12:06:34] >       assert app.AXIS_RED_LIGHT == "#C41E5B"
[2026-05-02 12:06:34] E       AttributeError: module 'app' has no attribute 'AXIS_RED_LIGHT'
[2026-05-02 12:06:34] 
[2026-05-02 12:06:34] tests/test_app.py:721: AttributeError
[2026-05-02 12:06:34] _________ TestAxisBankColorConstants.test_axis_accent_page_background __________
[2026-05-02 12:06:34] 
[2026-05-02 12:06:34] self = <test_app.TestAxisBankColorConstants object at 0x10f3cfdc0>
[2026-05-02 12:06:34] 
[2026-05-02 12:06:34]     def test_axis_accent_page_background(self) -> None:
[2026-05-02 12:06:34]         """AXIS_ACCENT is the light blue-grey page background #E8F0F9."""
[2026-05-02 12:06:34] >       assert app.AXIS_ACCENT == "#E8F0F9"
[2026-05-02 12:06:34] E       AttributeError: module 'app' has no attribute 'AXIS_ACCENT'
[2026-05-02 12:06:34] 
[2026-05-02 12:06:34] tests/test_app.py:725: AttributeError
[2026-05-02 12:06:34] __________________ TestAxisBankColorConstants.test_axis_white __________________
[2026-05-02 12:06:34] 
[2026-05-02 12:06:34] self = <test_app.TestAxisBankColorConstants object at 0x10f3cff40>
[2026-05-02 12:06:34] 
[2026-05-02 12:06:34]     def test_axis_white(self) -> None:
[2026-05-02 12:06:34]         """AXIS_WHITE must be pure white #FFFFFF."""
[2026-05-02 12:06:34] >       assert app.AXIS_WHITE == "#FFFFFF"
[2026-05-02 12:06:34] E       AttributeError: module 'app' has no attribute 'AXIS_WHITE'
[2026-05-02 12:06:34] 
[2026-05-02 12:06:34] tests/test_app.py:729: AttributeError
[2026-05-02 12:06:34] _______________ TestAxisBankColorConstants.test_axis_text_light ________________
[2026-05-02 12:06:34] 
[2026-05-02 12:06:34] self = <test_app.TestAxisBankColorConstants object at 0x10f3d8100>
[2026-05-02 12:06:34] 
[2026-05-02 12:06:34]     def test_axis_text_light(self) -> None:
[2026-05-02 12:06:34]         """AXIS_TEXT_LIGHT must be near-white #F5F5F5 for light-on-dark text."""
[2026-05-02 12:06:34] >       assert app.AXIS_TEXT_LIGHT == "#F5F5F5"
[2026-05-02 12:06:34] E       AttributeError: module 'app' has no attribute 'AXIS_TEXT_LIGHT'
[2026-05-02 12:06:34] 
[2026-05-02 12:06:34] tests/test_app.py:733: AttributeError
[2026-05-02 12:06:34] ________________ TestAxisBankColorConstants.test_axis_text_dark ________________
[2026-05-02 12:06:34] 
[2026-05-02 12:06:34] self = <test_app.TestAxisBankColorConstants object at 0x10f3d8280>
[2026-05-02 12:06:34] 
[2026-05-02 12:06:34]     def test_axis_text_dark(self) -> None:
[2026-05-02 12:06:34]         """AXIS_TEXT_DARK must be near-black #1A1A1A for dark text on light backgrounds."""
[2026-05-02 12:06:34] >       assert app.AXIS_TEXT_DARK == "#1A1A1A"
[2026-05-02 12:06:34] E       AttributeError: module 'app' has no attribute 'AXIS_TEXT_DARK'
[2026-05-02 12:06:34] 
[2026-05-02 12:06:34] tests/test_app.py:737: AttributeError
[2026-05-02 12:06:34] ______ TestInjectAxisBankStyles.test_inject_axis_bank_styles_is_callable _______
[2026-05-02 12:06:34] 
[2026-05-02 12:06:34] self = <test_app.TestInjectAxisBankStyles object at 0x10f3d8490>
[2026-05-02 12:06:34] 
[2026-05-02 12:06:34]     def test_inject_axis_bank_styles_is_callable(self) -> None:
[2026-05-02 12:06:34]         """inject_axis_bank_styles must exist in app module and be callable."""
[2026-05-02 12:06:34] >       assert callable(app.inject_axis_bank_styles)
[2026-05-02 12:06:34] E       AttributeError: module 'app' has no attribute 'inject_axis_bank_styles'
[2026-05-02 12:06:34] 
[2026-05-02 12:06:34] tests/test_app.py:745: AttributeError
[2026-05-02 12:06:34] _ TestInjectAxisBankStyles.test_inject_axis_bank_styles_calls_st_markdown_once _
[2026-05-02 12:06:34] 
[2026-05-02 12:06:34] self = <test_app.TestInjectAxisBankStyles object at 0x10f3d8610>
[2026-05-02 12:06:34] monkeypatch = <_pytest.monkeypatch.MonkeyPatch object at 0x116a0cca0>
[2026-05-02 12:06:34] 
[2026-05-02 12:06:34]     def test_inject_axis_bank_styles_calls_st_markdown_once(self, monkeypatch) -> None:
[2026-05-02 12:06:34]         """inject_axis_bank_styles must call st.markdown exactly once."""
[2026-05-02 12:06:34]         calls: list = []
[2026-05-02 12:06:34]         monkeypatch.setattr(app.st, "markdown", lambda text, **kwargs: calls.append((text, kwargs)))
[2026-05-02 12:06:34] >       app.inject_axis_bank_styles()
[2026-05-02 12:06:34] E       AttributeError: module 'app' has no attribute 'inject_axis_bank_styles'
[2026-05-02 12:06:34] 
[2026-05-02 12:06:34] tests/test_app.py:751: AttributeError
[2026-05-02 12:06:34] _ TestInjectAxisBankStyles.test_inject_axis_bank_styles_passes_unsafe_allow_html _
[2026-05-02 12:06:34] 
[2026-05-02 12:06:34] self = <test_app.TestInjectAxisBankStyles object at 0x10f3d8790>
[2026-05-02 12:06:34] monkeypatch = <_pytest.monkeypatch.MonkeyPatch object at 0x10bf33d00>
[2026-05-02 12:06:34] 
[2026-05-02 12:06:34]     def test_inject_axis_bank_styles_passes_unsafe_allow_html(self, monkeypatch) -> None:
[2026-05-02 12:06:34]         """inject_axis_bank_styles must pass unsafe_allow_html=True to st.markdown."""
[2026-05-02 12:06:34]         captured: list = []
[2026-05-02 12:06:34]         monkeypatch.setattr(app.st, "markdown", lambda text, **kwargs: captured.append(kwargs))
[2026-05-02 12:06:34] >       app.inject_axis_bank_styles()
[2026-05-02 12:06:34] E       AttributeError: module 'app' has no attribute 'inject_axis_bank_styles'
[2026-05-02 12:06:34] 
[2026-05-02 12:06:34] tests/test_app.py:758: AttributeError
[2026-05-02 12:06:34] __ TestInjectAxisBankStyles.test_injected_css_contains_axis_red_primary_color __
[2026-05-02 12:06:34] 
[2026-05-02 12:06:34] self = <test_app.TestInjectAxisBankStyles object at 0x10f3cfd30>
[2026-05-02 12:06:34] monkeypatch = <_pytest.monkeypatch.MonkeyPatch object at 0x10f42efd0>
[2026-05-02 12:06:34] 
[2026-05-02 12:06:34]     def test_injected_css_contains_axis_red_primary_color(self, monkeypatch) -> None:
[2026-05-02 12:06:34]         """Injected CSS must contain the Axis Bank primary color #97144D."""
[2026-05-02 12:06:34]         captured: list = []
[2026-05-02 12:06:34]         monkeypatch.setattr(app.st, "markdown", lambda text, **kwargs: captured.append(text))
[2026-05-02 12:06:34] >       app.inject_axis_bank_styles()
[2026-05-02 12:06:34] E       AttributeError: module 'app' has no attribute 'inject_axis_bank_styles'
[2026-05-02 12:06:34] 
[2026-05-02 12:06:34] tests/test_app.py:765: AttributeError
[2026-05-02 12:06:34] _______ TestInjectAxisBankStyles.test_injected_css_wrapped_in_style_tags _______
[2026-05-02 12:06:34] 
[2026-05-02 12:06:34] self = <test_app.TestInjectAxisBankStyles object at 0x10f3cf8b0>
[2026-05-02 12:06:34] monkeypatch = <_pytest.monkeypatch.MonkeyPatch object at 0x116b09610>
[2026-05-02 12:06:34] 
[2026-05-02 12:06:34]     def test_injected_css_wrapped_in_style_tags(self, monkeypatch) -> None:
[2026-05-02 12:06:34]         """Injected content must be wrapped in <style>…</style> tags."""
[2026-05-02 12:06:34]         captured: list = []
[2026-05-02 12:06:34]         monkeypatch.setattr(app.st, "markdown", lambda text, **kwargs: captured.append(text))
[2026-05-02 12:06:34] >       app.inject_axis_bank_styles()
[2026-05-02 12:06:34] E       AttributeError: module 'app' has no attribute 'inject_axis_bank_styles'
[2026-05-02 12:06:34] 
[2026-05-02 12:06:34] tests/test_app.py:772: AttributeError
[2026-05-02 12:06:34] __________ TestInjectAxisBankStyles.test_injected_css_styles_sidebar ___________
[2026-05-02 12:06:34] 
[2026-05-02 12:06:34] self = <test_app.TestInjectAxisBankStyles object at 0x10f3cf2b0>
[2026-05-02 12:06:34] monkeypatch = <_pytest.monkeypatch.MonkeyPatch object at 0x10cc10430>
[2026-05-02 12:06:34] 
[2026-05-02 12:06:34]     def test_injected_css_styles_sidebar(self, monkeypatch) -> None:
[2026-05-02 12:06:34]         """Injected CSS must target the sidebar via stSidebar data-testid."""
[2026-05-02 12:06:34]         captured: list = []
[2026-05-02 12:06:34]         monkeypatch.setattr(app.st, "markdown", lambda text, **kwargs: captured.append(text))
[2026-05-02 12:06:34] >       app.inject_axis_bank_styles()
[2026-05-02 12:06:34] E       AttributeError: module 'app' has no attribute 'inject_axis_bank_styles'
[2026-05-02 12:06:34] 
[2026-05-02 12:06:34] tests/test_app.py:779: AttributeError
[2026-05-02 12:06:34] ________ TestInjectAxisBankStyles.test_injected_css_styles_metric_cards ________
[2026-05-02 12:06:34] 
[2026-05-02 12:06:34] self = <test_app.TestInjectAxisBankStyles object at 0x10f3c6fa0>
[2026-05-02 12:06:34] monkeypatch = <_pytest.monkeypatch.MonkeyPatch object at 0x106680e80>
[2026-05-02 12:06:34] 
[2026-05-02 12:06:34]     def test_injected_css_styles_metric_cards(self, monkeypatch) -> None:
[2026-05-02 12:06:34]         """Injected CSS must target stMetric cards."""
[2026-05-02 12:06:34]         captured: list = []
[2026-05-02 12:06:34]         monkeypatch.setattr(app.st, "markdown", lambda text, **kwargs: captured.append(text))
[2026-05-02 12:06:34] >       app.inject_axis_bank_styles()
[2026-05-02 12:06:34] E       AttributeError: module 'app' has no attribute 'inject_axis_bank_styles'
[2026-05-02 12:06:34] 
[2026-05-02 12:06:34] tests/test_app.py:786: AttributeError
[2026-05-02 12:06:34] __________ TestInjectAxisBankStyles.test_injected_css_styles_buttons ___________
[2026-05-02 12:06:34] 
[2026-05-02 12:06:34] self = <test_app.TestInjectAxisBankStyles object at 0x10f3d8370>
[2026-05-02 12:06:34] monkeypatch = <_pytest.monkeypatch.MonkeyPatch object at 0x116ba3640>
[2026-05-02 12:06:34] 
[2026-05-02 12:06:34]     def test_injected_css_styles_buttons(self, monkeypatch) -> None:
[2026-05-02 12:06:34]         """Injected CSS must target primary Streamlit buttons (.stButton)."""
[2026-05-02 12:06:34]         captured: list = []
[2026-05-02 12:06:34]         monkeypatch.setattr(app.st, "markdown", lambda text, **kwargs: captured.append(text))
[2026-05-02 12:06:34] >       app.inject_axis_bank_styles()
[2026-05-02 12:06:34] E       AttributeError: module 'app' has no attribute 'inject_axis_bank_styles'
[2026-05-02 12:06:34] 
[2026-05-02 12:06:34] tests/test_app.py:793: AttributeError
[2026-05-02 12:06:34] _______ TestInjectAxisBankStyles.test_injected_css_styles_table_headers ________
[2026-05-02 12:06:34] 
[2026-05-02 12:06:34] self = <test_app.TestInjectAxisBankStyles object at 0x10f3d84c0>
[2026-05-02 12:06:34] monkeypatch = <_pytest.monkeypatch.MonkeyPatch object at 0x116a7bd00>
[2026-05-02 12:06:34] 
[2026-05-02 12:06:34]     def test_injected_css_styles_table_headers(self, monkeypatch) -> None:
[2026-05-02 12:06:34]         """Injected CSS must style dataframe/table headers (thead th)."""
[2026-05-02 12:06:34]         captured: list = []
[2026-05-02 12:06:34]         monkeypatch.setattr(app.st, "markdown", lambda text, **kwargs: captured.append(text))
[2026-05-02 12:06:34] >       app.inject_axis_bank_styles()
[2026-05-02 12:06:34] E       AttributeError: module 'app' has no attribute 'inject_axis_bank_styles'
[2026-05-02 12:06:34] 
[2026-05-02 12:06:34] tests/test_app.py:800: AttributeError
[2026-05-02 12:06:34] ____ TestInjectAxisBankStyles.test_injected_css_contains_dark_footer_color _____
[2026-05-02 12:06:34] 
[2026-05-02 12:06:34] self = <test_app.TestInjectAxisBankStyles object at 0x10f3d81f0>
[2026-05-02 12:06:34] monkeypatch = <_pytest.monkeypatch.MonkeyPatch object at 0x116a0c5b0>
[2026-05-02 12:06:34] 
[2026-05-02 12:06:34]     def test_injected_css_contains_dark_footer_color(self, monkeypatch) -> None:
[2026-05-02 12:06:34]         """Injected CSS must include AXIS_RED_DARK (#6B0F38) for footer/hover styling."""
[2026-05-02 12:06:34]         captured: list = []
[2026-05-02 12:06:34]         monkeypatch.setattr(app.st, "markdown", lambda text, **kwargs: captured.append(text))
[2026-05-02 12:06:34] >       app.inject_axis_bank_styles()
[2026-05-02 12:06:34] E       AttributeError: module 'app' has no attribute 'inject_axis_bank_styles'
[2026-05-02 12:06:34] 
[2026-05-02 12:06:34] tests/test_app.py:807: AttributeError
[2026-05-02 12:06:34] ______ TestInjectAxisBankStyles.test_injected_css_styles_stapp_background ______
[2026-05-02 12:06:34] 
[2026-05-02 12:06:34] self = <test_app.TestInjectAxisBankStyles object at 0x10f3d8a00>
[2026-05-02 12:06:34] monkeypatch = <_pytest.monkeypatch.MonkeyPatch object at 0x116b44130>
[2026-05-02 12:06:34] 
[2026-05-02 12:06:34]     def test_injected_css_styles_stapp_background(self, monkeypatch) -> None:
[2026-05-02 12:06:34]         """Injected CSS must set the page background via .stApp selector."""
[2026-05-02 12:06:34]         captured: list = []
[2026-05-02 12:06:34]         monkeypatch.setattr(app.st, "markdown", lambda text, **kwargs: captured.append(text))
[2026-05-02 12:06:34] >       app.inject_axis_bank_styles()
[2026-05-02 12:06:35] E       AttributeError: module 'app' has no attribute 'inject_axis_bank_styles'
[2026-05-02 12:06:35] 
[2026-05-02 12:06:35] tests/test_app.py:814: AttributeError
[2026-05-02 12:06:35] ___________ TestInjectAxisBankStyles.test_injected_css_styles_header ___________
[2026-05-02 12:06:35] 
[2026-05-02 12:06:35] self = <test_app.TestInjectAxisBankStyles object at 0x10f3d8b80>
[2026-05-02 12:06:35] monkeypatch = <_pytest.monkeypatch.MonkeyPatch object at 0x116abc1f0>
[2026-05-02 12:06:35] 
[2026-05-02 12:06:35]     def test_injected_css_styles_header(self, monkeypatch) -> None:
[2026-05-02 12:06:35]         """Injected CSS must style the top header bar (stHeader data-testid)."""
[2026-05-02 12:06:35]         captured: list = []
[2026-05-02 12:06:35]         monkeypatch.setattr(app.st, "markdown", lambda text, **kwargs: captured.append(text))
[2026-05-02 12:06:35] >       app.inject_axis_bank_styles()
[2026-05-02 12:06:35] E       AttributeError: module 'app' has no attribute 'inject_axis_bank_styles'
[2026-05-02 12:06:35] 
[2026-05-02 12:06:35] tests/test_app.py:821: AttributeError
[2026-05-02 12:06:35] ____ TestAxisBankChartColors.test_single_rate_chart_line_color_is_axis_red _____
[2026-05-02 12:06:35] 
[2026-05-02 12:06:35] self = <test_app.TestAxisBankChartColors object at 0x10f3d8d90>
[2026-05-02 12:06:35] 
[2026-05-02 12:06:35]     def test_single_rate_chart_line_color_is_axis_red(self) -> None:
[2026-05-02 12:06:35]         """build_growth_chart single-rate line must use AXIS_RED (#97144D)."""
[2026-05-02 12:06:35]         fig = app.build_growth_chart(self._make_rows(), "₹", "INR")
[2026-05-02 12:06:35] >       assert fig.data[0].line.color == app.AXIS_RED
[2026-05-02 12:06:35] E       AttributeError: module 'app' has no attribute 'AXIS_RED'
[2026-05-02 12:06:35] 
[2026-05-02 12:06:35] tests/test_app.py:838: AttributeError
[2026-05-02 12:06:35] _______ TestAxisBankChartColors.test_single_rate_chart_line_color_value ________
[2026-05-02 12:06:35] 
[2026-05-02 12:06:35] self = <test_app.TestAxisBankChartColors object at 0x10f3d8f10>
[2026-05-02 12:06:35] 
[2026-05-02 12:06:35]     def test_single_rate_chart_line_color_value(self) -> None:
[2026-05-02 12:06:35]         """build_growth_chart single-rate line color must be exactly #97144D."""
[2026-05-02 12:06:35]         fig = app.build_growth_chart(self._make_rows(), "$", "USD")
[2026-05-02 12:06:35] >       assert fig.data[0].line.color == "#97144D"
[2026-05-02 12:06:35] E       AssertionError: assert '#39D353' == '#97144D'
[2026-05-02 12:06:35] E         
[2026-05-02 12:06:35] E         - #97144D
[2026-05-02 12:06:35] E         + #39D353
[2026-05-02 12:06:35] 
[2026-05-02 12:06:35] tests/test_app.py:843: AssertionError
[2026-05-02 12:06:35] _ TestAxisBankChartColors.test_single_rate_chart_fill_color_uses_axis_red_rgba _
[2026-05-02 12:06:35] 
[2026-05-02 12:06:35] self = <test_app.TestAxisBankChartColors object at 0x10f3e30d0>
[2026-05-02 12:06:35] 
[2026-05-02 12:06:35]     def test_single_rate_chart_fill_color_uses_axis_red_rgba(self) -> None:
[2026-05-02 12:06:35]         """build_growth_chart area fill must use AXIS_RED RGBA (151, 20, 77)."""
[2026-05-02 12:06:35]         fig = app.build_growth_chart(self._make_rows(), "₹", "INR")
[2026-05-02 12:06:35]         # rgba(151, 20, 77, 0.14) corresponds to #97144D with 14% opacity
[2026-05-02 12:06:35] >       assert "151, 20, 77" in fig.data[0].fillcolor
[2026-05-02 12:06:35] E       AssertionError: assert '151, 20, 77' in 'rgba(57, 211, 83, 0.10)'
[2026-05-02 12:06:35] E        +  where 'rgba(57, 211, 83, 0.10)' = Scatter({\n    'fill': 'tozeroy',\n    'fillcolor': 'rgba(57, 211, 83, 0.10)',\n    'hovertemplate': 'Year %{x:.2f}<br>Ba...',\n    'text': [₹10,000.00, ₹13,000.00, ₹17,000.00],\n    'x': [0.0, 5.0, 10.0],\n    'y': [10000.0, 13000.0, 17000.0]\n}).fillcolor
[2026-05-02 12:06:35] 
[2026-05-02 12:06:35] tests/test_app.py:849: AssertionError
[2026-05-02 12:06:35] __ TestAxisBankChartColors.test_variance_line_styles_base_rate_uses_axis_red ___
[2026-05-02 12:06:35] 
[2026-05-02 12:06:35] self = <test_app.TestAxisBankChartColors object at 0x10f3e3250>
[2026-05-02 12:06:35] 
[2026-05-02 12:06:35]     def test_variance_line_styles_base_rate_uses_axis_red(self) -> None:
[2026-05-02 12:06:35]         """_VARIANCE_LINE_STYLES base-rate entry (index 1) must use AXIS_RED #97144D."""
[2026-05-02 12:06:35] >       assert app._VARIANCE_LINE_STYLES[1]["color"] == "#97144D"
[2026-05-02 12:06:35] E       AssertionError: assert '#39D353' == '#97144D'
[2026-05-02 12:06:35] E         
[2026-05-02 12:06:35] E         - #97144D
[2026-05-02 12:06:35] E         + #39D353
[2026-05-02 12:06:35] 
[2026-05-02 12:06:35] tests/test_app.py:853: AssertionError
[2026-05-02 12:06:35] _ TestAxisBankChartColors.test_variance_line_styles_lower_rate_uses_axis_gold __
[2026-05-02 12:06:35] 
[2026-05-02 12:06:35] self = <test_app.TestAxisBankChartColors object at 0x10f3e33d0>
[2026-05-02 12:06:35] 
[2026-05-02 12:06:35]     def test_variance_line_styles_lower_rate_uses_axis_gold(self) -> None:
[2026-05-02 12:06:35]         """_VARIANCE_LINE_STYLES lower-rate entry (index 0) must use Axis gold #F7B500 for bold contrast."""
[2026-05-02 12:06:35] >       assert app._VARIANCE_LINE_STYLES[0]["color"] == "#F7B500"
[2026-05-02 12:06:35] E       AssertionError: assert '#F59E0B' == '#F7B500'
[2026-05-02 12:06:35] E         
[2026-05-02 12:06:35] E         - #F7B500
[2026-05-02 12:06:35] E         + #F59E0B
[2026-05-02 12:06:35] 
[2026-05-02 12:06:35] tests/test_app.py:857: AssertionError
[2026-05-02 12:06:35] _ TestAxisBankChartColors.test_variance_line_styles_upper_rate_uses_axis_bright_red _
[2026-05-02 12:06:35] 
[2026-05-02 12:06:35] self = <test_app.TestAxisBankChartColors object at 0x10f3e3550>
[2026-05-02 12:06:35] 
[2026-05-02 12:06:35]     def test_variance_line_styles_upper_rate_uses_axis_bright_red(self) -> None:
[2026-05-02 12:06:35]         """_VARIANCE_LINE_STYLES upper-rate entry (index 2) must use Axis bright red #E31837."""
[2026-05-02 12:06:35] >       assert app._VARIANCE_LINE_STYLES[2]["color"] == "#E31837"
[2026-05-02 12:06:35] E       AssertionError: assert '#60A5FA' == '#E31837'
[2026-05-02 12:06:35] E         
[2026-05-02 12:06:35] E         - #E31837
[2026-05-02 12:06:35] E         + #60A5FA
[2026-05-02 12:06:35] 
[2026-05-02 12:06:35] tests/test_app.py:861: AssertionError
[2026-05-02 12:06:35] _ TestAxisBankChartColors.test_variance_line_styles_fill_colors_reference_axis_palette _
[2026-05-02 12:06:35] 
[2026-05-02 12:06:35] self = <test_app.TestAxisBankChartColors object at 0x10f3e39d0>
[2026-05-02 12:06:35] 
[2026-05-02 12:06:35]     def test_variance_line_styles_fill_colors_reference_axis_palette(self) -> None:
[2026-05-02 12:06:35]         """Fill RGBA values in _VARIANCE_LINE_STYLES must reference Axis Bank brand RGB components."""
[2026-05-02 12:06:35]         # Index 0: Axis gold rgb(247, 181, 0), Index 1: AXIS_RED rgb(151, 20, 77), Index 2: bright red rgb(227, 24, 55)
[2026-05-02 12:06:35]         expected_fills = [
[2026-05-02 12:06:35]             ("247", "181", "0"),    # Axis gold
[2026-05-02 12:06:35]             ("151", "20", "77"),    # AXIS_RED
[2026-05-02 12:06:35]             ("227", "24", "55"),    # Axis bright red
[2026-05-02 12:06:35]         ]
[2026-05-02 12:06:35]         for i, (r, g, b) in enumerate(expected_fills):
[2026-05-02 12:06:35]             fill = app._VARIANCE_LINE_STYLES[i]["fill"]
[2026-05-02 12:06:35] >           assert r in fill and g in fill and b in fill, (
[2026-05-02 12:06:35]                 f"Entry {i} fill '{fill}' does not match expected RGB({r},{g},{b})"
[2026-05-02 12:06:35]             )
[2026-05-02 12:06:35] E           AssertionError: Entry 0 fill 'rgba(245, 158, 11, 0.10)' does not match expected RGB(247,181,0)
[2026-05-02 12:06:35] E           assert ('247' in 'rgba(245, 158, 11, 0.10)')
[2026-05-02 12:06:35] 
[2026-05-02 12:06:35] tests/test_app.py:883: AssertionError
[2026-05-02 12:06:35] =========================== short test summary info ============================
[2026-05-02 12:06:35] FAILED tests/test_app.py::TestAxisBankColorConstants::test_axis_red_is_primary_brand_color
[2026-05-02 12:06:35] FAILED tests/test_app.py::TestAxisBankColorConstants::test_axis_red_dark_variant
[2026-05-02 12:06:35] FAILED tests/test_app.py::TestAxisBankColorConstants::test_axis_red_light_variant
[2026-05-02 12:06:35] FAILED tests/test_app.py::TestAxisBankColorConstants::test_axis_accent_page_background
[2026-05-02 12:06:35] FAILED tests/test_app.py::TestAxisBankColorConstants::test_axis_white - Attri...
[2026-05-02 12:06:35] FAILED tests/test_app.py::TestAxisBankColorConstants::test_axis_text_light - ...
[2026-05-02 12:06:35] FAILED tests/test_app.py::TestAxisBankColorConstants::test_axis_text_dark - A...
[2026-05-02 12:06:35] FAILED tests/test_app.py::TestInjectAxisBankStyles::test_inject_axis_bank_styles_is_callable
[2026-05-02 12:06:35] FAILED tests/test_app.py::TestInjectAxisBankStyles::test_inject_axis_bank_styles_calls_st_markdown_once
[2026-05-02 12:06:35] FAILED tests/test_app.py::TestInjectAxisBankStyles::test_inject_axis_bank_styles_passes_unsafe_allow_html
[2026-05-02 12:06:35] FAILED tests/test_app.py::TestInjectAxisBankStyles::test_injected_css_contains_axis_red_primary_color
[2026-05-02 12:06:35] FAILED tests/test_app.py::TestInjectAxisBankStyles::test_injected_css_wrapped_in_style_tags
[2026-05-02 12:06:35] FAILED tests/test_app.py::TestInjectAxisBankStyles::test_injected_css_styles_sidebar
[2026-05-02 12:06:35] FAILED tests/test_app.py::TestInjectAxisBankStyles::test_injected_css_styles_metric_cards
[2026-05-02 12:06:35] FAILED tests/test_app.py::TestInjectAxisBankStyles::test_injected_css_styles_buttons
[2026-05-02 12:06:35] FAILED tests/test_app.py::TestInjectAxisBankStyles::test_injected_css_styles_table_headers
[2026-05-02 12:06:35] FAILED tests/test_app.py::TestInjectAxisBankStyles::test_injected_css_contains_dark_footer_color
[2026-05-02 12:06:35] FAILED tests/test_app.py::TestInjectAxisBankStyles::test_injected_css_styles_stapp_background
[2026-05-02 12:06:35] FAILED tests/test_app.py::TestInjectAxisBankStyles::test_injected_css_styles_header
[2026-05-02 12:06:35] FAILED tests/test_app.py::TestAxisBankChartColors::test_single_rate_chart_line_color_is_axis_red
[2026-05-02 12:06:35] FAILED tests/test_app.py::TestAxisBankChartColors::test_single_rate_chart_line_color_value
[2026-05-02 12:06:35] FAILED tests/test_app.py::TestAxisBankChartColors::test_single_rate_chart_fill_color_uses_axis_red_rgba
[2026-05-02 12:06:35] FAILED tests/test_app.py::TestAxisBankChartColors::test_variance_line_styles_base_rate_uses_axis_red
[2026-05-02 12:06:35] FAILED tests/test_app.py::TestAxisBankChartColors::test_variance_line_styles_lower_rate_uses_axis_gold
[2026-05-02 12:06:35] FAILED tests/test_app.py::TestAxisBankChartColors::test_variance_line_styles_upper_rate_uses_axis_bright_red
[2026-05-02 12:06:35] FAILED tests/test_app.py::TestAxisBankChartColors::test_variance_line_styles_fill_colors_reference_axis_palette
[2026-05-02 12:06:35] ======================== 26 failed, 125 passed in 2.77s ========================
[2026-05-02 12:06:35] ===== TEST RUN END   2026-05-02 12:06:34 IST (exit=1) =====
[2026-05-02 13:52:48] ===== TEST RUN START 2026-05-02 13:52:41 IST =====
[2026-05-02 13:52:48] ============================= test session starts ==============================
[2026-05-02 13:52:48] platform darwin -- Python 3.9.6, pytest-8.4.2, pluggy-1.6.0 -- /Library/Developer/CommandLineTools/usr/bin/python3
[2026-05-02 13:52:48] cachedir: .pytest_cache
[2026-05-02 13:52:48] rootdir: /Users/bsubbarao/MYDATA/CompIntCalculator
[2026-05-02 13:52:48] plugins: anyio-4.12.1
[2026-05-02 13:52:48] collecting ... collected 132 items / 2 errors
[2026-05-02 13:52:48] 
[2026-05-02 13:52:48] ==================================== ERRORS ====================================
[2026-05-02 13:52:48] _______________ ERROR collecting tests/test_workflow_personas.py _______________
[2026-05-02 13:52:48] ImportError while importing test module '/Users/bsubbarao/MYDATA/CompIntCalculator/tests/test_workflow_personas.py'.
[2026-05-02 13:52:48] Hint: make sure your test modules/packages have valid Python names.
[2026-05-02 13:52:48] Traceback:
[2026-05-02 13:52:48] ../../Library/Python/3.9/lib/python/site-packages/_pytest/python.py:498: in importtestmodule
[2026-05-02 13:52:48]     mod = import_path(
[2026-05-02 13:52:48] ../../Library/Python/3.9/lib/python/site-packages/_pytest/pathlib.py:587: in import_path
[2026-05-02 13:52:48]     importlib.import_module(module_name)
[2026-05-02 13:52:48] /Library/Developer/CommandLineTools/Library/Frameworks/Python3.framework/Versions/3.9/lib/python3.9/importlib/__init__.py:127: in import_module
[2026-05-02 13:52:48]     return _bootstrap._gcd_import(name[level:], package, level)
[2026-05-02 13:52:48] <frozen importlib._bootstrap>:1030: in _gcd_import
[2026-05-02 13:52:48]     ???
[2026-05-02 13:52:48] <frozen importlib._bootstrap>:1007: in _find_and_load
[2026-05-02 13:52:48]     ???
[2026-05-02 13:52:48] <frozen importlib._bootstrap>:986: in _find_and_load_unlocked
[2026-05-02 13:52:48]     ???
[2026-05-02 13:52:48] <frozen importlib._bootstrap>:680: in _load_unlocked
[2026-05-02 13:52:48]     ???
[2026-05-02 13:52:48] ../../Library/Python/3.9/lib/python/site-packages/_pytest/assertion/rewrite.py:186: in exec_module
[2026-05-02 13:52:48]     exec(co, module.__dict__)
[2026-05-02 13:52:48] tests/test_workflow_personas.py:7: in <module>
[2026-05-02 13:52:48]     from ai_workflow import personas
[2026-05-02 13:52:48] E   ModuleNotFoundError: No module named 'ai_workflow'
[2026-05-02 13:52:48] ___________ ERROR collecting tests/test_workflow_start_validation.py ___________
[2026-05-02 13:52:48] ImportError while importing test module '/Users/bsubbarao/MYDATA/CompIntCalculator/tests/test_workflow_start_validation.py'.
[2026-05-02 13:52:48] Hint: make sure your test modules/packages have valid Python names.
[2026-05-02 13:52:48] Traceback:
[2026-05-02 13:52:48] ../../Library/Python/3.9/lib/python/site-packages/_pytest/python.py:498: in importtestmodule
[2026-05-02 13:52:48]     mod = import_path(
[2026-05-02 13:52:48] ../../Library/Python/3.9/lib/python/site-packages/_pytest/pathlib.py:587: in import_path
[2026-05-02 13:52:48]     importlib.import_module(module_name)
[2026-05-02 13:52:48] /Library/Developer/CommandLineTools/Library/Frameworks/Python3.framework/Versions/3.9/lib/python3.9/importlib/__init__.py:127: in import_module
[2026-05-02 13:52:48]     return _bootstrap._gcd_import(name[level:], package, level)
[2026-05-02 13:52:48] <frozen importlib._bootstrap>:1030: in _gcd_import
[2026-05-02 13:52:48]     ???
[2026-05-02 13:52:48] <frozen importlib._bootstrap>:1007: in _find_and_load
[2026-05-02 13:52:48]     ???
[2026-05-02 13:52:48] <frozen importlib._bootstrap>:986: in _find_and_load_unlocked
[2026-05-02 13:52:48]     ???
[2026-05-02 13:52:48] <frozen importlib._bootstrap>:680: in _load_unlocked
[2026-05-02 13:52:48]     ???
[2026-05-02 13:52:48] ../../Library/Python/3.9/lib/python/site-packages/_pytest/assertion/rewrite.py:186: in exec_module
[2026-05-02 13:52:48]     exec(co, module.__dict__)
[2026-05-02 13:52:48] tests/test_workflow_start_validation.py:13: in <module>
[2026-05-02 13:52:48]     from ai_workflow.github_api import IssueNotFoundError
[2026-05-02 13:52:48] E   ModuleNotFoundError: No module named 'ai_workflow'
[2026-05-02 13:52:48] =========================== short test summary info ============================
[2026-05-02 13:52:48] ERROR tests/test_workflow_personas.py
[2026-05-02 13:52:48] ERROR tests/test_workflow_start_validation.py
[2026-05-02 13:52:48] !!!!!!!!!!!!!!!!!!! Interrupted: 2 errors during collection !!!!!!!!!!!!!!!!!!!!
[2026-05-02 13:52:48] ============================== 2 errors in 5.36s ===============================
[2026-05-02 13:52:48] ===== TEST RUN END   2026-05-02 13:52:48 IST (exit=2) =====
[2026-05-02 13:53:39] ===== TEST RUN START 2026-05-02 13:53:38 IST =====
[2026-05-02 13:53:39] ============================= test session starts ==============================
[2026-05-02 13:53:39] platform darwin -- Python 3.9.6, pytest-8.4.2, pluggy-1.6.0 -- /Library/Developer/CommandLineTools/usr/bin/python3
[2026-05-02 13:53:39] cachedir: .pytest_cache
[2026-05-02 13:53:39] rootdir: /Users/bsubbarao/MYDATA/CompIntCalculator
[2026-05-02 13:53:39] plugins: anyio-4.12.1
[2026-05-02 13:53:39] collecting ... collected 132 items / 2 errors
[2026-05-02 13:53:39] 
[2026-05-02 13:53:39] ==================================== ERRORS ====================================
[2026-05-02 13:53:39] _______________ ERROR collecting tests/test_workflow_personas.py _______________
[2026-05-02 13:53:39] ImportError while importing test module '/Users/bsubbarao/MYDATA/CompIntCalculator/tests/test_workflow_personas.py'.
[2026-05-02 13:53:39] Hint: make sure your test modules/packages have valid Python names.
[2026-05-02 13:53:39] Traceback:
[2026-05-02 13:53:39] ../../Library/Python/3.9/lib/python/site-packages/_pytest/python.py:498: in importtestmodule
[2026-05-02 13:53:39]     mod = import_path(
[2026-05-02 13:53:39] ../../Library/Python/3.9/lib/python/site-packages/_pytest/pathlib.py:587: in import_path
[2026-05-02 13:53:39]     importlib.import_module(module_name)
[2026-05-02 13:53:39] /Library/Developer/CommandLineTools/Library/Frameworks/Python3.framework/Versions/3.9/lib/python3.9/importlib/__init__.py:127: in import_module
[2026-05-02 13:53:39]     return _bootstrap._gcd_import(name[level:], package, level)
[2026-05-02 13:53:39] <frozen importlib._bootstrap>:1030: in _gcd_import
[2026-05-02 13:53:39]     ???
[2026-05-02 13:53:39] <frozen importlib._bootstrap>:1007: in _find_and_load
[2026-05-02 13:53:39]     ???
[2026-05-02 13:53:39] <frozen importlib._bootstrap>:986: in _find_and_load_unlocked
[2026-05-02 13:53:39]     ???
[2026-05-02 13:53:39] <frozen importlib._bootstrap>:680: in _load_unlocked
[2026-05-02 13:53:39]     ???
[2026-05-02 13:53:39] ../../Library/Python/3.9/lib/python/site-packages/_pytest/assertion/rewrite.py:186: in exec_module
[2026-05-02 13:53:39]     exec(co, module.__dict__)
[2026-05-02 13:53:39] tests/test_workflow_personas.py:7: in <module>
[2026-05-02 13:53:39]     from ai_workflow import personas
[2026-05-02 13:53:39] E   ModuleNotFoundError: No module named 'ai_workflow'
[2026-05-02 13:53:39] ___________ ERROR collecting tests/test_workflow_start_validation.py ___________
[2026-05-02 13:53:39] ImportError while importing test module '/Users/bsubbarao/MYDATA/CompIntCalculator/tests/test_workflow_start_validation.py'.
[2026-05-02 13:53:39] Hint: make sure your test modules/packages have valid Python names.
[2026-05-02 13:53:39] Traceback:
[2026-05-02 13:53:39] ../../Library/Python/3.9/lib/python/site-packages/_pytest/python.py:498: in importtestmodule
[2026-05-02 13:53:39]     mod = import_path(
[2026-05-02 13:53:39] ../../Library/Python/3.9/lib/python/site-packages/_pytest/pathlib.py:587: in import_path
[2026-05-02 13:53:39]     importlib.import_module(module_name)
[2026-05-02 13:53:39] /Library/Developer/CommandLineTools/Library/Frameworks/Python3.framework/Versions/3.9/lib/python3.9/importlib/__init__.py:127: in import_module
[2026-05-02 13:53:39]     return _bootstrap._gcd_import(name[level:], package, level)
[2026-05-02 13:53:39] <frozen importlib._bootstrap>:1030: in _gcd_import
[2026-05-02 13:53:39]     ???
[2026-05-02 13:53:39] <frozen importlib._bootstrap>:1007: in _find_and_load
[2026-05-02 13:53:39]     ???
[2026-05-02 13:53:39] <frozen importlib._bootstrap>:986: in _find_and_load_unlocked
[2026-05-02 13:53:39]     ???
[2026-05-02 13:53:39] <frozen importlib._bootstrap>:680: in _load_unlocked
[2026-05-02 13:53:39]     ???
[2026-05-02 13:53:39] ../../Library/Python/3.9/lib/python/site-packages/_pytest/assertion/rewrite.py:186: in exec_module
[2026-05-02 13:53:39]     exec(co, module.__dict__)
[2026-05-02 13:53:39] tests/test_workflow_start_validation.py:13: in <module>
[2026-05-02 13:53:39]     from ai_workflow.github_api import IssueNotFoundError
[2026-05-02 13:53:39] E   ModuleNotFoundError: No module named 'ai_workflow'
[2026-05-02 13:53:39] =========================== short test summary info ============================
[2026-05-02 13:53:39] ERROR tests/test_workflow_personas.py
[2026-05-02 13:53:39] ERROR tests/test_workflow_start_validation.py
[2026-05-02 13:53:39] !!!!!!!!!!!!!!!!!!! Interrupted: 2 errors during collection !!!!!!!!!!!!!!!!!!!!
[2026-05-02 13:53:39] ============================== 2 errors in 0.82s ===============================
[2026-05-02 13:53:39] ===== TEST RUN END   2026-05-02 13:53:39 IST (exit=2) =====
