============================= test session starts ==============================
platform darwin -- Python 3.9.6, pytest-8.4.2, pluggy-1.6.0 -- /Library/Developer/CommandLineTools/usr/bin/python3
cachedir: .pytest_cache
rootdir: /Users/bsubbarao/MYDATA/CompIntCalculator
collecting ... collected 11 items

tests/test_app.py::test_calculate_compound_balance_zero_rate PASSED      [  9%]
tests/test_app.py::test_calculate_compound_balance_with_growth PASSED    [ 18%]
tests/test_app.py::test_format_money_value_inr_grouping PASSED           [ 27%]
tests/test_app.py::test_format_money_value_international_grouping PASSED [ 36%]
tests/test_app.py::test_format_money_value_negative PASSED               [ 45%]
tests/test_app.py::test_build_growth_series_has_minimum_two_points PASSED [ 54%]
tests/test_app.py::test_build_growth_series_last_point_matches_input_time PASSED [ 63%]
tests/test_app.py::test_build_yearly_summary_includes_fractional_final_row PASSED [ 72%]
tests/test_app.py::test_get_plotly_template_dark PASSED                  [ 81%]
tests/test_app.py::test_get_plotly_template_light PASSED                 [ 90%]
tests/test_app.py::test_build_growth_chart_uses_formatted_hover_text PASSED [100%]

============================== 11 passed in 0.37s ==============================
[2026-04-14 17:47:11] ===== TEST RUN START 2026-04-14 17:47:10 IST =====
[2026-04-14 17:47:11] ============================= test session starts ==============================
[2026-04-14 17:47:11] platform darwin -- Python 3.9.6, pytest-8.4.2, pluggy-1.6.0 -- /Library/Developer/CommandLineTools/usr/bin/python3
[2026-04-14 17:47:11] cachedir: .pytest_cache
[2026-04-14 17:47:11] rootdir: /Users/bsubbarao/MYDATA/CompIntCalculator
[2026-04-14 17:47:11] collecting ... collected 11 items
[2026-04-14 17:47:11] 
[2026-04-14 17:47:11] tests/test_app.py::test_calculate_compound_balance_zero_rate PASSED      [  9%]
[2026-04-14 17:47:11] tests/test_app.py::test_calculate_compound_balance_with_growth PASSED    [ 18%]
[2026-04-14 17:47:11] tests/test_app.py::test_format_money_value_inr_grouping PASSED           [ 27%]
[2026-04-14 17:47:11] tests/test_app.py::test_format_money_value_international_grouping PASSED [ 36%]
[2026-04-14 17:47:11] tests/test_app.py::test_format_money_value_negative PASSED               [ 45%]
[2026-04-14 17:47:11] tests/test_app.py::test_build_growth_series_has_minimum_two_points PASSED [ 54%]
[2026-04-14 17:47:11] tests/test_app.py::test_build_growth_series_last_point_matches_input_time PASSED [ 63%]
[2026-04-14 17:47:11] tests/test_app.py::test_build_yearly_summary_includes_fractional_final_row PASSED [ 72%]
[2026-04-14 17:47:11] tests/test_app.py::test_get_plotly_template_dark PASSED                  [ 81%]
[2026-04-14 17:47:11] tests/test_app.py::test_get_plotly_template_light PASSED                 [ 90%]
[2026-04-14 17:47:11] tests/test_app.py::test_build_growth_chart_uses_formatted_hover_text PASSED [100%]
[2026-04-14 17:47:11] 
[2026-04-14 17:47:11] ============================== 11 passed in 0.25s ==============================
[2026-04-14 17:47:11] ===== TEST RUN END   2026-04-14 17:47:11 IST (exit=0) =====
[2026-04-15 14:35:55] ===== TEST RUN START 2026-04-15 14:35:54 IST =====
[2026-04-15 14:35:55] ============================= test session starts ==============================
[2026-04-15 14:35:55] platform darwin -- Python 3.9.6, pytest-8.4.2, pluggy-1.6.0 -- /Library/Developer/CommandLineTools/usr/bin/python3
[2026-04-15 14:35:56] cachedir: .pytest_cache
[2026-04-15 14:35:56] rootdir: /Users/bsubbarao/MYDATA/CompIntCalculator
[2026-04-15 14:35:56] collecting ... collected 62 items
[2026-04-15 14:35:56] 
[2026-04-15 14:35:56] tests/test_app.py::TestCalculateCompoundBalance::test_zero_rate_returns_principal_plus_contribution_times_years PASSED [  1%]
[2026-04-15 14:35:56] tests/test_app.py::TestCalculateCompoundBalance::test_zero_contribution_matches_principal_only_formula PASSED [  3%]
[2026-04-15 14:35:56] tests/test_app.py::TestCalculateCompoundBalance::test_future_value_exceeds_principal_when_rate_positive PASSED [  4%]
[2026-04-15 14:35:56] tests/test_app.py::TestCalculateCompoundBalance::test_interest_earned_identity PASSED [  6%]
[2026-04-15 14:35:56] tests/test_app.py::TestCalculateCompoundBalance::test_higher_rate_yields_higher_balance PASSED [  8%]
[2026-04-15 14:35:56] tests/test_app.py::TestCalculateCompoundBalance::test_longer_time_yields_higher_balance PASSED [  9%]
[2026-04-15 14:35:56] tests/test_app.py::TestCalculateCompoundBalance::test_base_case_dataset PASSED [ 11%]
[2026-04-15 14:35:56] tests/test_app.py::TestCalculateCompoundBalance::test_contribution_case_dataset PASSED [ 12%]
[2026-04-15 14:35:56] tests/test_app.py::TestCalculateCompoundBalance::test_short_horizon_dataset PASSED [ 14%]
[2026-04-15 14:35:56] tests/test_app.py::TestCalculateCompoundBalance::test_long_horizon_dataset PASSED [ 16%]
[2026-04-15 14:35:56] tests/test_app.py::TestCalculateCompoundBalance::test_precision_case_dataset PASSED [ 17%]
[2026-04-15 14:35:56] tests/test_app.py::TestFrequencyImpact::test_higher_frequency_yields_more_or_equal_balance[1-4] PASSED [ 19%]
[2026-04-15 14:35:56] tests/test_app.py::TestFrequencyImpact::test_higher_frequency_yields_more_or_equal_balance[4-12] PASSED [ 20%]
[2026-04-15 14:35:56] tests/test_app.py::TestFrequencyImpact::test_higher_frequency_yields_more_or_equal_balance[12-365] PASSED [ 22%]
[2026-04-15 14:35:56] tests/test_app.py::TestFrequencyImpact::test_frequency_has_no_impact_at_zero_rate PASSED [ 24%]
[2026-04-15 14:35:56] tests/test_app.py::TestFrequencyImpact::test_all_frequencies_accept_fractional_years[1] PASSED [ 25%]
[2026-04-15 14:35:56] tests/test_app.py::TestFrequencyImpact::test_all_frequencies_accept_fractional_years[4] PASSED [ 27%]
[2026-04-15 14:35:56] tests/test_app.py::TestFrequencyImpact::test_all_frequencies_accept_fractional_years[12] PASSED [ 29%]
[2026-04-15 14:35:56] tests/test_app.py::TestFrequencyImpact::test_all_frequencies_accept_fractional_years[365] PASSED [ 30%]
[2026-04-15 14:35:56] tests/test_app.py::TestFormatMoneyValue::test_inr_grouping[100.0-\u20b9100.00] PASSED [ 32%]
[2026-04-15 14:35:56] tests/test_app.py::TestFormatMoneyValue::test_inr_grouping[1000.0-\u20b91,000.00] PASSED [ 33%]
[2026-04-15 14:35:56] tests/test_app.py::TestFormatMoneyValue::test_inr_grouping[100000.0-\u20b91,00,000.00] PASSED [ 35%]
[2026-04-15 14:35:56] tests/test_app.py::TestFormatMoneyValue::test_inr_grouping[1000000.0-\u20b910,00,000.00] PASSED [ 37%]
[2026-04-15 14:35:56] tests/test_app.py::TestFormatMoneyValue::test_inr_grouping[10000000.0-\u20b91,00,00,000.00] PASSED [ 38%]
[2026-04-15 14:35:56] tests/test_app.py::TestFormatMoneyValue::test_inr_grouping[12345678.9-\u20b91,23,45,678.90] PASSED [ 40%]
[2026-04-15 14:35:56] tests/test_app.py::TestFormatMoneyValue::test_international_grouping[$-USD-12345678.9-$12,345,678.90] PASSED [ 41%]
[2026-04-15 14:35:56] tests/test_app.py::TestFormatMoneyValue::test_international_grouping[\u20ac-EUR-9999999.0-\u20ac9,999,999.00] PASSED [ 43%]
[2026-04-15 14:35:56] tests/test_app.py::TestFormatMoneyValue::test_international_grouping[\xa3-GBP-1234567.89-\xa31,234,567.89] PASSED [ 45%]
[2026-04-15 14:35:56] tests/test_app.py::TestFormatMoneyValue::test_international_grouping[\xa5-JPY-100000.0-\xa5100,000.00] PASSED [ 46%]
[2026-04-15 14:35:56] tests/test_app.py::TestFormatMoneyValue::test_always_two_decimal_places PASSED [ 48%]
[2026-04-15 14:35:56] tests/test_app.py::TestFormatMoneyValue::test_negative_value_usd PASSED  [ 50%]
[2026-04-15 14:35:56] tests/test_app.py::TestFormatMoneyValue::test_negative_value_inr PASSED  [ 51%]
[2026-04-15 14:35:56] tests/test_app.py::TestFormatMoneyValue::test_zero_value PASSED          [ 53%]
[2026-04-15 14:35:56] tests/test_app.py::TestBuildGrowthChart::test_x_axis_label_is_years PASSED [ 54%]
[2026-04-15 14:35:56] tests/test_app.py::TestBuildGrowthChart::test_y_axis_label_contains_currency_symbol PASSED [ 56%]
[2026-04-15 14:35:56] tests/test_app.py::TestBuildGrowthChart::test_hover_template_format PASSED [ 58%]
[2026-04-15 14:35:56] tests/test_app.py::TestBuildGrowthChart::test_hover_text_uses_formatted_values PASSED [ 59%]
[2026-04-15 14:35:56] tests/test_app.py::TestBuildGrowthChart::test_series_is_non_decreasing_for_positive_inputs PASSED [ 61%]
[2026-04-15 14:35:56] tests/test_app.py::TestBuildGrowthChart::test_chart_title_is_set PASSED  [ 62%]
[2026-04-15 14:35:56] tests/test_app.py::TestBuildGrowthChart::test_plotly_template_matches_streamlit_theme[dark-plotly_dark] PASSED [ 64%]
[2026-04-15 14:35:56] tests/test_app.py::TestBuildGrowthChart::test_plotly_template_matches_streamlit_theme[light-plotly_white] PASSED [ 66%]
[2026-04-15 14:35:56] tests/test_app.py::TestBuildYearlySummary::test_first_row_is_year_zero PASSED [ 67%]
[2026-04-15 14:35:56] tests/test_app.py::TestBuildYearlySummary::test_integer_time_row_count PASSED [ 69%]
[2026-04-15 14:35:56] tests/test_app.py::TestBuildYearlySummary::test_fractional_time_appends_extra_row PASSED [ 70%]
[2026-04-15 14:35:56] tests/test_app.py::TestBuildYearlySummary::test_fractional_time_row_count PASSED [ 72%]
[2026-04-15 14:35:56] tests/test_app.py::TestBuildYearlySummary::test_integer_period_labels PASSED [ 74%]
[2026-04-15 14:35:56] tests/test_app.py::TestBuildYearlySummary::test_balance_at_year_zero_equals_principal PASSED [ 75%]
[2026-04-15 14:35:56] tests/test_app.py::TestBuildYearlySummary::test_balance_increases_over_time PASSED [ 77%]
[2026-04-15 14:35:56] tests/test_app.py::TestEdgeCases::test_all_zeros_returns_zero PASSED     [ 79%]
[2026-04-15 14:35:56] tests/test_app.py::TestEdgeCases::test_zero_principal_zero_rate_positive_contribution PASSED [ 80%]
[2026-04-15 14:35:56] tests/test_app.py::TestEdgeCases::test_very_large_values_do_not_raise PASSED [ 82%]
[2026-04-15 14:35:56] tests/test_app.py::TestEdgeCases::test_minimal_positive_values PASSED    [ 83%]
[2026-04-15 14:35:56] tests/test_app.py::TestEdgeCases::test_fractional_years_all_frequencies[1] PASSED [ 85%]
[2026-04-15 14:35:56] tests/test_app.py::TestEdgeCases::test_fractional_years_all_frequencies[4] PASSED [ 87%]
[2026-04-15 14:35:56] tests/test_app.py::TestEdgeCases::test_fractional_years_all_frequencies[12] PASSED [ 88%]
[2026-04-15 14:35:56] tests/test_app.py::TestEdgeCases::test_fractional_years_all_frequencies[365] PASSED [ 90%]
[2026-04-15 14:35:56] tests/test_app.py::TestEdgeCases::test_growth_series_all_zeros_is_stable PASSED [ 91%]
[2026-04-15 14:35:56] tests/test_app.py::TestEdgeCases::test_yearly_summary_zero_time_has_only_year_zero PASSED [ 93%]
[2026-04-15 14:35:56] tests/test_app.py::TestEdgeCases::test_inr_format_large_value_no_crash PASSED [ 95%]
[2026-04-15 14:35:56] tests/test_app.py::TestPlotlyTemplate::test_dark_theme_returns_plotly_dark PASSED [ 96%]
[2026-04-15 14:35:56] tests/test_app.py::TestPlotlyTemplate::test_light_theme_returns_plotly_white PASSED [ 98%]
[2026-04-15 14:35:56] tests/test_app.py::TestPlotlyTemplate::test_unknown_theme_defaults_to_plotly_white PASSED [100%]
[2026-04-15 14:35:56] 
[2026-04-15 14:35:56] ============================== 62 passed in 0.50s ==============================
[2026-04-15 14:35:56] ===== TEST RUN END   2026-04-15 14:35:55 IST (exit=0) =====
[2026-04-15 14:45:47] ===== TEST RUN START 2026-04-15 14:45:44 IST =====
[2026-04-15 14:45:47] ============================= test session starts ==============================
[2026-04-15 14:45:47] platform darwin -- Python 3.9.6, pytest-8.4.2, pluggy-1.6.0 -- /Library/Developer/CommandLineTools/usr/bin/python3
[2026-04-15 14:45:47] cachedir: .pytest_cache
[2026-04-15 14:45:47] rootdir: /Users/bsubbarao/MYDATA/CompIntCalculator
[2026-04-15 14:45:47] collecting ... collected 62 items
[2026-04-15 14:45:47] 
[2026-04-15 14:45:47] tests/test_app.py::TestCalculateCompoundBalance::test_zero_rate_returns_principal_plus_contribution_times_years PASSED [  1%]
[2026-04-15 14:45:47] tests/test_app.py::TestCalculateCompoundBalance::test_zero_contribution_matches_principal_only_formula PASSED [  3%]
[2026-04-15 14:45:47] tests/test_app.py::TestCalculateCompoundBalance::test_future_value_exceeds_principal_when_rate_positive PASSED [  4%]
[2026-04-15 14:45:47] tests/test_app.py::TestCalculateCompoundBalance::test_interest_earned_identity PASSED [  6%]
[2026-04-15 14:45:47] tests/test_app.py::TestCalculateCompoundBalance::test_higher_rate_yields_higher_balance PASSED [  8%]
[2026-04-15 14:45:47] tests/test_app.py::TestCalculateCompoundBalance::test_longer_time_yields_higher_balance PASSED [  9%]
[2026-04-15 14:45:47] tests/test_app.py::TestCalculateCompoundBalance::test_base_case_dataset PASSED [ 11%]
[2026-04-15 14:45:47] tests/test_app.py::TestCalculateCompoundBalance::test_contribution_case_dataset PASSED [ 12%]
[2026-04-15 14:45:47] tests/test_app.py::TestCalculateCompoundBalance::test_short_horizon_dataset PASSED [ 14%]
[2026-04-15 14:45:47] tests/test_app.py::TestCalculateCompoundBalance::test_long_horizon_dataset PASSED [ 16%]
[2026-04-15 14:45:47] tests/test_app.py::TestCalculateCompoundBalance::test_precision_case_dataset PASSED [ 17%]
[2026-04-15 14:45:47] tests/test_app.py::TestFrequencyImpact::test_higher_frequency_yields_more_or_equal_balance[1-4] PASSED [ 19%]
[2026-04-15 14:45:47] tests/test_app.py::TestFrequencyImpact::test_higher_frequency_yields_more_or_equal_balance[4-12] PASSED [ 20%]
[2026-04-15 14:45:47] tests/test_app.py::TestFrequencyImpact::test_higher_frequency_yields_more_or_equal_balance[12-365] PASSED [ 22%]
[2026-04-15 14:45:47] tests/test_app.py::TestFrequencyImpact::test_frequency_has_no_impact_at_zero_rate PASSED [ 24%]
[2026-04-15 14:45:47] tests/test_app.py::TestFrequencyImpact::test_all_frequencies_accept_fractional_years[1] PASSED [ 25%]
[2026-04-15 14:45:47] tests/test_app.py::TestFrequencyImpact::test_all_frequencies_accept_fractional_years[4] PASSED [ 27%]
[2026-04-15 14:45:47] tests/test_app.py::TestFrequencyImpact::test_all_frequencies_accept_fractional_years[12] PASSED [ 29%]
[2026-04-15 14:45:47] tests/test_app.py::TestFrequencyImpact::test_all_frequencies_accept_fractional_years[365] PASSED [ 30%]
[2026-04-15 14:45:47] tests/test_app.py::TestFormatMoneyValue::test_inr_grouping[100.0-\u20b9100.00] PASSED [ 32%]
[2026-04-15 14:45:47] tests/test_app.py::TestFormatMoneyValue::test_inr_grouping[1000.0-\u20b91,000.00] PASSED [ 33%]
[2026-04-15 14:45:47] tests/test_app.py::TestFormatMoneyValue::test_inr_grouping[100000.0-\u20b91,00,000.00] PASSED [ 35%]
[2026-04-15 14:45:47] tests/test_app.py::TestFormatMoneyValue::test_inr_grouping[1000000.0-\u20b910,00,000.00] PASSED [ 37%]
[2026-04-15 14:45:47] tests/test_app.py::TestFormatMoneyValue::test_inr_grouping[10000000.0-\u20b91,00,00,000.00] PASSED [ 38%]
[2026-04-15 14:45:47] tests/test_app.py::TestFormatMoneyValue::test_inr_grouping[12345678.9-\u20b91,23,45,678.90] PASSED [ 40%]
[2026-04-15 14:45:47] tests/test_app.py::TestFormatMoneyValue::test_international_grouping[$-USD-12345678.9-$12,345,678.90] PASSED [ 41%]
[2026-04-15 14:45:47] tests/test_app.py::TestFormatMoneyValue::test_international_grouping[\u20ac-EUR-9999999.0-\u20ac9,999,999.00] PASSED [ 43%]
[2026-04-15 14:45:47] tests/test_app.py::TestFormatMoneyValue::test_international_grouping[\xa3-GBP-1234567.89-\xa31,234,567.89] PASSED [ 45%]
[2026-04-15 14:45:47] tests/test_app.py::TestFormatMoneyValue::test_international_grouping[\xa5-JPY-100000.0-\xa5100,000.00] PASSED [ 46%]
[2026-04-15 14:45:47] tests/test_app.py::TestFormatMoneyValue::test_always_two_decimal_places PASSED [ 48%]
[2026-04-15 14:45:47] tests/test_app.py::TestFormatMoneyValue::test_negative_value_usd PASSED  [ 50%]
[2026-04-15 14:45:47] tests/test_app.py::TestFormatMoneyValue::test_negative_value_inr PASSED  [ 51%]
[2026-04-15 14:45:47] tests/test_app.py::TestFormatMoneyValue::test_zero_value PASSED          [ 53%]
[2026-04-15 14:45:47] tests/test_app.py::TestBuildGrowthChart::test_x_axis_label_is_years PASSED [ 54%]
[2026-04-15 14:45:47] tests/test_app.py::TestBuildGrowthChart::test_y_axis_label_contains_currency_symbol PASSED [ 56%]
[2026-04-15 14:45:47] tests/test_app.py::TestBuildGrowthChart::test_hover_template_format PASSED [ 58%]
[2026-04-15 14:45:47] tests/test_app.py::TestBuildGrowthChart::test_hover_text_uses_formatted_values PASSED [ 59%]
[2026-04-15 14:45:47] tests/test_app.py::TestBuildGrowthChart::test_series_is_non_decreasing_for_positive_inputs PASSED [ 61%]
[2026-04-15 14:45:47] tests/test_app.py::TestBuildGrowthChart::test_chart_title_is_set PASSED  [ 62%]
[2026-04-15 14:45:47] tests/test_app.py::TestBuildGrowthChart::test_plotly_template_matches_streamlit_theme[dark-plotly_dark] PASSED [ 64%]
[2026-04-15 14:45:47] tests/test_app.py::TestBuildGrowthChart::test_plotly_template_matches_streamlit_theme[light-plotly_white] PASSED [ 66%]
[2026-04-15 14:45:47] tests/test_app.py::TestBuildYearlySummary::test_first_row_is_year_zero PASSED [ 67%]
[2026-04-15 14:45:47] tests/test_app.py::TestBuildYearlySummary::test_integer_time_row_count PASSED [ 69%]
[2026-04-15 14:45:47] tests/test_app.py::TestBuildYearlySummary::test_fractional_time_appends_extra_row PASSED [ 70%]
[2026-04-15 14:45:47] tests/test_app.py::TestBuildYearlySummary::test_fractional_time_row_count PASSED [ 72%]
[2026-04-15 14:45:47] tests/test_app.py::TestBuildYearlySummary::test_integer_period_labels PASSED [ 74%]
[2026-04-15 14:45:47] tests/test_app.py::TestBuildYearlySummary::test_balance_at_year_zero_equals_principal PASSED [ 75%]
[2026-04-15 14:45:47] tests/test_app.py::TestBuildYearlySummary::test_balance_increases_over_time PASSED [ 77%]
[2026-04-15 14:45:47] tests/test_app.py::TestEdgeCases::test_all_zeros_returns_zero PASSED     [ 79%]
[2026-04-15 14:45:47] tests/test_app.py::TestEdgeCases::test_zero_principal_zero_rate_positive_contribution PASSED [ 80%]
[2026-04-15 14:45:47] tests/test_app.py::TestEdgeCases::test_very_large_values_do_not_raise PASSED [ 82%]
[2026-04-15 14:45:47] tests/test_app.py::TestEdgeCases::test_minimal_positive_values PASSED    [ 83%]
[2026-04-15 14:45:47] tests/test_app.py::TestEdgeCases::test_fractional_years_all_frequencies[1] PASSED [ 85%]
[2026-04-15 14:45:47] tests/test_app.py::TestEdgeCases::test_fractional_years_all_frequencies[4] PASSED [ 87%]
[2026-04-15 14:45:47] tests/test_app.py::TestEdgeCases::test_fractional_years_all_frequencies[12] PASSED [ 88%]
[2026-04-15 14:45:47] tests/test_app.py::TestEdgeCases::test_fractional_years_all_frequencies[365] PASSED [ 90%]
[2026-04-15 14:45:47] tests/test_app.py::TestEdgeCases::test_growth_series_all_zeros_is_stable PASSED [ 91%]
[2026-04-15 14:45:47] tests/test_app.py::TestEdgeCases::test_yearly_summary_zero_time_has_only_year_zero PASSED [ 93%]
[2026-04-15 14:45:47] tests/test_app.py::TestEdgeCases::test_inr_format_large_value_no_crash PASSED [ 95%]
[2026-04-15 14:45:47] tests/test_app.py::TestPlotlyTemplate::test_dark_theme_returns_plotly_dark PASSED [ 96%]
[2026-04-15 14:45:47] tests/test_app.py::TestPlotlyTemplate::test_light_theme_returns_plotly_white PASSED [ 98%]
[2026-04-15 14:45:47] tests/test_app.py::TestPlotlyTemplate::test_unknown_theme_defaults_to_plotly_white PASSED [100%]
[2026-04-15 14:45:47] 
[2026-04-15 14:45:47] ============================== 62 passed in 2.06s ==============================
[2026-04-15 14:45:47] ===== TEST RUN END   2026-04-15 14:45:47 IST (exit=0) =====
[2026-04-21 14:31:21] ===== TEST RUN START 2026-04-21 14:31:13 IST =====
[2026-04-21 14:31:21] ============================= test session starts ==============================
[2026-04-21 14:31:21] platform darwin -- Python 3.9.6, pytest-8.4.2, pluggy-1.6.0 -- /Library/Developer/CommandLineTools/usr/bin/python3
[2026-04-21 14:31:21] cachedir: .pytest_cache
[2026-04-21 14:31:21] rootdir: /Users/bsubbarao/MYDATA/CompIntCalculator
[2026-04-21 14:31:21] plugins: anyio-4.12.1
[2026-04-21 14:31:21] collecting ... collected 62 items
[2026-04-21 14:31:21] 
[2026-04-21 14:31:21] tests/test_app.py::TestCalculateCompoundBalance::test_zero_rate_returns_principal_plus_contribution_times_years PASSED [  1%]
[2026-04-21 14:31:21] tests/test_app.py::TestCalculateCompoundBalance::test_zero_contribution_matches_principal_only_formula PASSED [  3%]
[2026-04-21 14:31:21] tests/test_app.py::TestCalculateCompoundBalance::test_future_value_exceeds_principal_when_rate_positive PASSED [  4%]
[2026-04-21 14:31:21] tests/test_app.py::TestCalculateCompoundBalance::test_interest_earned_identity PASSED [  6%]
[2026-04-21 14:31:21] tests/test_app.py::TestCalculateCompoundBalance::test_higher_rate_yields_higher_balance PASSED [  8%]
[2026-04-21 14:31:21] tests/test_app.py::TestCalculateCompoundBalance::test_longer_time_yields_higher_balance PASSED [  9%]
[2026-04-21 14:31:21] tests/test_app.py::TestCalculateCompoundBalance::test_base_case_dataset PASSED [ 11%]
[2026-04-21 14:31:21] tests/test_app.py::TestCalculateCompoundBalance::test_contribution_case_dataset PASSED [ 12%]
[2026-04-21 14:31:21] tests/test_app.py::TestCalculateCompoundBalance::test_short_horizon_dataset PASSED [ 14%]
[2026-04-21 14:31:21] tests/test_app.py::TestCalculateCompoundBalance::test_long_horizon_dataset PASSED [ 16%]
[2026-04-21 14:31:21] tests/test_app.py::TestCalculateCompoundBalance::test_precision_case_dataset PASSED [ 17%]
[2026-04-21 14:31:21] tests/test_app.py::TestFrequencyImpact::test_higher_frequency_yields_more_or_equal_balance[1-4] PASSED [ 19%]
[2026-04-21 14:31:21] tests/test_app.py::TestFrequencyImpact::test_higher_frequency_yields_more_or_equal_balance[4-12] PASSED [ 20%]
[2026-04-21 14:31:21] tests/test_app.py::TestFrequencyImpact::test_higher_frequency_yields_more_or_equal_balance[12-365] PASSED [ 22%]
[2026-04-21 14:31:21] tests/test_app.py::TestFrequencyImpact::test_frequency_has_no_impact_at_zero_rate PASSED [ 24%]
[2026-04-21 14:31:21] tests/test_app.py::TestFrequencyImpact::test_all_frequencies_accept_fractional_years[1] PASSED [ 25%]
[2026-04-21 14:31:21] tests/test_app.py::TestFrequencyImpact::test_all_frequencies_accept_fractional_years[4] PASSED [ 27%]
[2026-04-21 14:31:21] tests/test_app.py::TestFrequencyImpact::test_all_frequencies_accept_fractional_years[12] PASSED [ 29%]
[2026-04-21 14:31:21] tests/test_app.py::TestFrequencyImpact::test_all_frequencies_accept_fractional_years[365] PASSED [ 30%]
[2026-04-21 14:31:21] tests/test_app.py::TestFormatMoneyValue::test_inr_grouping[100.0-\u20b9100.00] PASSED [ 32%]
[2026-04-21 14:31:21] tests/test_app.py::TestFormatMoneyValue::test_inr_grouping[1000.0-\u20b91,000.00] PASSED [ 33%]
[2026-04-21 14:31:21] tests/test_app.py::TestFormatMoneyValue::test_inr_grouping[100000.0-\u20b91,00,000.00] PASSED [ 35%]
[2026-04-21 14:31:21] tests/test_app.py::TestFormatMoneyValue::test_inr_grouping[1000000.0-\u20b910,00,000.00] PASSED [ 37%]
[2026-04-21 14:31:21] tests/test_app.py::TestFormatMoneyValue::test_inr_grouping[10000000.0-\u20b91,00,00,000.00] PASSED [ 38%]
[2026-04-21 14:31:21] tests/test_app.py::TestFormatMoneyValue::test_inr_grouping[12345678.9-\u20b91,23,45,678.90] PASSED [ 40%]
[2026-04-21 14:31:21] tests/test_app.py::TestFormatMoneyValue::test_international_grouping[$-USD-12345678.9-$12,345,678.90] PASSED [ 41%]
[2026-04-21 14:31:21] tests/test_app.py::TestFormatMoneyValue::test_international_grouping[\u20ac-EUR-9999999.0-\u20ac9,999,999.00] PASSED [ 43%]
[2026-04-21 14:31:21] tests/test_app.py::TestFormatMoneyValue::test_international_grouping[\xa3-GBP-1234567.89-\xa31,234,567.89] PASSED [ 45%]
[2026-04-21 14:31:21] tests/test_app.py::TestFormatMoneyValue::test_international_grouping[\xa5-JPY-100000.0-\xa5100,000.00] PASSED [ 46%]
[2026-04-21 14:31:21] tests/test_app.py::TestFormatMoneyValue::test_always_two_decimal_places PASSED [ 48%]
[2026-04-21 14:31:21] tests/test_app.py::TestFormatMoneyValue::test_negative_value_usd PASSED  [ 50%]
[2026-04-21 14:31:21] tests/test_app.py::TestFormatMoneyValue::test_negative_value_inr PASSED  [ 51%]
[2026-04-21 14:31:21] tests/test_app.py::TestFormatMoneyValue::test_zero_value PASSED          [ 53%]
[2026-04-21 14:31:21] tests/test_app.py::TestBuildGrowthChart::test_x_axis_label_is_years PASSED [ 54%]
[2026-04-21 14:31:21] tests/test_app.py::TestBuildGrowthChart::test_y_axis_label_contains_currency_symbol PASSED [ 56%]
[2026-04-21 14:31:21] tests/test_app.py::TestBuildGrowthChart::test_hover_template_format PASSED [ 58%]
[2026-04-21 14:31:21] tests/test_app.py::TestBuildGrowthChart::test_hover_text_uses_formatted_values PASSED [ 59%]
[2026-04-21 14:31:21] tests/test_app.py::TestBuildGrowthChart::test_series_is_non_decreasing_for_positive_inputs PASSED [ 61%]
[2026-04-21 14:31:21] tests/test_app.py::TestBuildGrowthChart::test_chart_title_is_set PASSED  [ 62%]
[2026-04-21 14:31:21] tests/test_app.py::TestBuildGrowthChart::test_plotly_template_matches_streamlit_theme[dark-plotly_dark] PASSED [ 64%]
[2026-04-21 14:31:21] tests/test_app.py::TestBuildGrowthChart::test_plotly_template_matches_streamlit_theme[light-plotly_white] PASSED [ 66%]
[2026-04-21 14:31:21] tests/test_app.py::TestBuildYearlySummary::test_first_row_is_year_zero PASSED [ 67%]
[2026-04-21 14:31:21] tests/test_app.py::TestBuildYearlySummary::test_integer_time_row_count PASSED [ 69%]
[2026-04-21 14:31:21] tests/test_app.py::TestBuildYearlySummary::test_fractional_time_appends_extra_row PASSED [ 70%]
[2026-04-21 14:31:21] tests/test_app.py::TestBuildYearlySummary::test_fractional_time_row_count PASSED [ 72%]
[2026-04-21 14:31:21] tests/test_app.py::TestBuildYearlySummary::test_integer_period_labels PASSED [ 74%]
[2026-04-21 14:31:21] tests/test_app.py::TestBuildYearlySummary::test_balance_at_year_zero_equals_principal PASSED [ 75%]
[2026-04-21 14:31:21] tests/test_app.py::TestBuildYearlySummary::test_balance_increases_over_time PASSED [ 77%]
[2026-04-21 14:31:21] tests/test_app.py::TestEdgeCases::test_all_zeros_returns_zero PASSED     [ 79%]
[2026-04-21 14:31:21] tests/test_app.py::TestEdgeCases::test_zero_principal_zero_rate_positive_contribution PASSED [ 80%]
[2026-04-21 14:31:21] tests/test_app.py::TestEdgeCases::test_very_large_values_do_not_raise PASSED [ 82%]
[2026-04-21 14:31:21] tests/test_app.py::TestEdgeCases::test_minimal_positive_values PASSED    [ 83%]
[2026-04-21 14:31:21] tests/test_app.py::TestEdgeCases::test_fractional_years_all_frequencies[1] PASSED [ 85%]
[2026-04-21 14:31:21] tests/test_app.py::TestEdgeCases::test_fractional_years_all_frequencies[4] PASSED [ 87%]
[2026-04-21 14:31:21] tests/test_app.py::TestEdgeCases::test_fractional_years_all_frequencies[12] PASSED [ 88%]
[2026-04-21 14:31:21] tests/test_app.py::TestEdgeCases::test_fractional_years_all_frequencies[365] PASSED [ 90%]
[2026-04-21 14:31:21] tests/test_app.py::TestEdgeCases::test_growth_series_all_zeros_is_stable PASSED [ 91%]
[2026-04-21 14:31:21] tests/test_app.py::TestEdgeCases::test_yearly_summary_zero_time_has_only_year_zero PASSED [ 93%]
[2026-04-21 14:31:21] tests/test_app.py::TestEdgeCases::test_inr_format_large_value_no_crash PASSED [ 95%]
[2026-04-21 14:31:21] tests/test_app.py::TestPlotlyTemplate::test_dark_theme_returns_plotly_dark PASSED [ 96%]
[2026-04-21 14:31:21] tests/test_app.py::TestPlotlyTemplate::test_light_theme_returns_plotly_white PASSED [ 98%]
[2026-04-21 14:31:21] tests/test_app.py::TestPlotlyTemplate::test_unknown_theme_defaults_to_plotly_white PASSED [100%]
[2026-04-21 14:31:21] 
[2026-04-21 14:31:21] ============================== 62 passed in 5.85s ==============================
[2026-04-21 14:31:21] ===== TEST RUN END   2026-04-21 14:31:21 IST (exit=0) =====
[2026-05-01 18:35:05] ===== TEST RUN START 2026-05-01 18:35:04 IST =====
[2026-05-01 18:35:05] ============================= test session starts ==============================
[2026-05-01 18:35:05] platform darwin -- Python 3.9.6, pytest-8.4.2, pluggy-1.6.0 -- /Library/Developer/CommandLineTools/usr/bin/python3
[2026-05-01 18:35:05] cachedir: .pytest_cache
[2026-05-01 18:35:05] rootdir: /Users/bsubbarao/MYDATA/CompIntCalculator
[2026-05-01 18:35:05] plugins: anyio-4.12.1
[2026-05-01 18:35:05] collecting ... collected 105 items / 2 errors
[2026-05-01 18:35:05] 
[2026-05-01 18:35:05] ==================================== ERRORS ====================================
[2026-05-01 18:35:05] _______________ ERROR collecting tests/test_workflow_personas.py _______________
[2026-05-01 18:35:05] ImportError while importing test module '/Users/bsubbarao/MYDATA/CompIntCalculator/tests/test_workflow_personas.py'.
[2026-05-01 18:35:05] Hint: make sure your test modules/packages have valid Python names.
[2026-05-01 18:35:06] Traceback:
[2026-05-01 18:35:06] ../../Library/Python/3.9/lib/python/site-packages/_pytest/python.py:498: in importtestmodule
[2026-05-01 18:35:06]     mod = import_path(
[2026-05-01 18:35:06] ../../Library/Python/3.9/lib/python/site-packages/_pytest/pathlib.py:587: in import_path
[2026-05-01 18:35:06]     importlib.import_module(module_name)
[2026-05-01 18:35:06] /Library/Developer/CommandLineTools/Library/Frameworks/Python3.framework/Versions/3.9/lib/python3.9/importlib/__init__.py:127: in import_module
[2026-05-01 18:35:06]     return _bootstrap._gcd_import(name[level:], package, level)
[2026-05-01 18:35:06] <frozen importlib._bootstrap>:1030: in _gcd_import
[2026-05-01 18:35:06]     ???
[2026-05-01 18:35:06] <frozen importlib._bootstrap>:1007: in _find_and_load
[2026-05-01 18:35:06]     ???
[2026-05-01 18:35:06] <frozen importlib._bootstrap>:986: in _find_and_load_unlocked
[2026-05-01 18:35:06]     ???
[2026-05-01 18:35:06] <frozen importlib._bootstrap>:680: in _load_unlocked
[2026-05-01 18:35:06]     ???
[2026-05-01 18:35:06] ../../Library/Python/3.9/lib/python/site-packages/_pytest/assertion/rewrite.py:186: in exec_module
[2026-05-01 18:35:06]     exec(co, module.__dict__)
[2026-05-01 18:35:06] tests/test_workflow_personas.py:7: in <module>
[2026-05-01 18:35:06]     from ai_workflow import personas
[2026-05-01 18:35:06] E   ModuleNotFoundError: No module named 'ai_workflow'
[2026-05-01 18:35:06] ___________ ERROR collecting tests/test_workflow_start_validation.py ___________
[2026-05-01 18:35:06] ImportError while importing test module '/Users/bsubbarao/MYDATA/CompIntCalculator/tests/test_workflow_start_validation.py'.
[2026-05-01 18:35:06] Hint: make sure your test modules/packages have valid Python names.
[2026-05-01 18:35:06] Traceback:
[2026-05-01 18:35:06] ../../Library/Python/3.9/lib/python/site-packages/_pytest/python.py:498: in importtestmodule
[2026-05-01 18:35:06]     mod = import_path(
[2026-05-01 18:35:06] ../../Library/Python/3.9/lib/python/site-packages/_pytest/pathlib.py:587: in import_path
[2026-05-01 18:35:06]     importlib.import_module(module_name)
[2026-05-01 18:35:06] /Library/Developer/CommandLineTools/Library/Frameworks/Python3.framework/Versions/3.9/lib/python3.9/importlib/__init__.py:127: in import_module
[2026-05-01 18:35:06]     return _bootstrap._gcd_import(name[level:], package, level)
[2026-05-01 18:35:06] <frozen importlib._bootstrap>:1030: in _gcd_import
[2026-05-01 18:35:06]     ???
[2026-05-01 18:35:06] <frozen importlib._bootstrap>:1007: in _find_and_load
[2026-05-01 18:35:06]     ???
[2026-05-01 18:35:06] <frozen importlib._bootstrap>:986: in _find_and_load_unlocked
[2026-05-01 18:35:06]     ???
[2026-05-01 18:35:06] <frozen importlib._bootstrap>:680: in _load_unlocked
[2026-05-01 18:35:06]     ???
[2026-05-01 18:35:06] ../../Library/Python/3.9/lib/python/site-packages/_pytest/assertion/rewrite.py:186: in exec_module
[2026-05-01 18:35:06]     exec(co, module.__dict__)
[2026-05-01 18:35:06] tests/test_workflow_start_validation.py:13: in <module>
[2026-05-01 18:35:06]     from ai_workflow.github_api import IssueNotFoundError
[2026-05-01 18:35:06] E   ModuleNotFoundError: No module named 'ai_workflow'
[2026-05-01 18:35:06] =========================== short test summary info ============================
[2026-05-01 18:35:06] ERROR tests/test_workflow_personas.py
[2026-05-01 18:35:06] ERROR tests/test_workflow_start_validation.py
[2026-05-01 18:35:06] !!!!!!!!!!!!!!!!!!! Interrupted: 2 errors during collection !!!!!!!!!!!!!!!!!!!!
[2026-05-01 18:35:06] ============================== 2 errors in 0.88s ===============================
[2026-05-01 18:35:06] ===== TEST RUN END   2026-05-01 18:35:05 IST (exit=2) =====
